Using pre-set license
Built from '2022.1/staging' branch; Version is '2022.1.7f1 (240f4c1f462c) revision 2363212'; Using compiler version '192829333'; Build Type 'Release'
OS: 'Windows 10  (10.0.19044) 64bit Core' Language: 'en' Physical Memory: 15789 MB
BatchMode: 1, IsHumanControllingUs: 0, StartBugReporterOnCrash: 0, Is64bit: 1, IsPro: 1

COMMAND LINE ARGUMENTS:
C:\Program Files\Unity\Hub\Editor\2022.1.7f1\Editor\Unity.exe
-adb2
-batchMode
-noUpm
-name
AssetImportWorker4
-projectPath
C:/Users/Digx7/Desktop/Files/Work/Git_Repos/LOWREZ_Jam_2022/LOWREZ Jam 2022
-logFile
Logs/AssetImportWorker4.log
-srvPort
51548
Successfully changed project path to: C:/Users/Digx7/Desktop/Files/Work/Git_Repos/LOWREZ_Jam_2022/LOWREZ Jam 2022
C:/Users/Digx7/Desktop/Files/Work/Git_Repos/LOWREZ_Jam_2022/LOWREZ Jam 2022
[UnityMemory] Configuration Parameters - Can be set up in boot.config
    "memorysetup-bucket-allocator-granularity=16"
    "memorysetup-bucket-allocator-bucket-count=8"
    "memorysetup-bucket-allocator-block-size=33554432"
    "memorysetup-bucket-allocator-block-count=8"
    "memorysetup-main-allocator-block-size=16777216"
    "memorysetup-thread-allocator-block-size=16777216"
    "memorysetup-gfx-main-allocator-block-size=16777216"
    "memorysetup-gfx-thread-allocator-block-size=16777216"
    "memorysetup-cache-allocator-block-size=4194304"
    "memorysetup-typetree-allocator-block-size=2097152"
    "memorysetup-profiler-bucket-allocator-granularity=16"
    "memorysetup-profiler-bucket-allocator-bucket-count=8"
    "memorysetup-profiler-bucket-allocator-block-size=33554432"
    "memorysetup-profiler-bucket-allocator-block-count=8"
    "memorysetup-profiler-allocator-block-size=16777216"
    "memorysetup-profiler-editor-allocator-block-size=1048576"
    "memorysetup-temp-allocator-size-main=16777216"
    "memorysetup-job-temp-allocator-block-size=2097152"
    "memorysetup-job-temp-allocator-block-size-background=1048576"
    "memorysetup-job-temp-allocator-reduction-small-platforms=262144"
    "memorysetup-temp-allocator-size-background-worker=32768"
    "memorysetup-temp-allocator-size-job-worker=262144"
    "memorysetup-temp-allocator-size-preload-manager=33554432"
    "memorysetup-temp-allocator-size-nav-mesh-worker=65536"
    "memorysetup-temp-allocator-size-audio-worker=65536"
    "memorysetup-temp-allocator-size-cloud-worker=32768"
    "memorysetup-temp-allocator-size-gi-baking-worker=262144"
    "memorysetup-temp-allocator-size-gfx=262144"
Refreshing native plugins compatible for Editor in 196.50 ms, found 4 plugins.
Preloading 0 native plugins for Editor in 0.00 ms.
Initialize engine version: 2022.1.7f1 (240f4c1f462c)
[Subsystems] Discovering subsystems at path C:/Program Files/Unity/Hub/Editor/2022.1.7f1/Editor/Data/Resources/UnitySubsystems
[Subsystems] Discovering subsystems at path C:/Users/Digx7/Desktop/Files/Work/Git_Repos/LOWREZ_Jam_2022/LOWREZ Jam 2022/Assets
GfxDevice: creating device client; threaded=0; jobified=0
Direct3D:
    Version:  Direct3D 11.0 [level 11.1]
    Renderer: NVIDIA GeForce RTX 2060 with Max-Q Design (ID=0x1f12)
    Vendor:   NVIDIA
    VRAM:     5980 MB
    Driver:   30.0.15.1278
Initialize mono
Mono path[0] = 'C:/Program Files/Unity/Hub/Editor/2022.1.7f1/Editor/Data/Managed'
Mono path[1] = 'C:/Program Files/Unity/Hub/Editor/2022.1.7f1/Editor/Data/MonoBleedingEdge/lib/mono/unityjit-win32'
Mono config path = 'C:/Program Files/Unity/Hub/Editor/2022.1.7f1/Editor/Data/MonoBleedingEdge/etc'
Using monoOptions --debugger-agent=transport=dt_socket,embedding=1,server=y,suspend=n,address=127.0.0.1:56788
Begin MonoManager ReloadAssembly
Registering precompiled unity dll's ...
Register platform support module: C:/Program Files/Unity/Hub/Editor/2022.1.7f1/Editor/Data/PlaybackEngines/WebGLSupport/UnityEditor.WebGL.Extensions.dll
Register platform support module: C:/Program Files/Unity/Hub/Editor/2022.1.7f1/Editor/Data/PlaybackEngines/MacStandaloneSupport/UnityEditor.OSXStandalone.Extensions.dll
Register platform support module: C:/Program Files/Unity/Hub/Editor/2022.1.7f1/Editor/Data/PlaybackEngines/WindowsStandaloneSupport/UnityEditor.WindowsStandalone.Extensions.dll
Register platform support module: C:/Program Files/Unity/Hub/Editor/2022.1.7f1/Editor/Data/PlaybackEngines/MetroSupport/UnityEditor.UWP.Extensions.dll
Registered in 0.014138 seconds.
Native extension for UWP target not found
Native extension for WindowsStandalone target not found
Native extension for OSXStandalone target not found
Native extension for WebGL target not found
Refreshing native plugins compatible for Editor in 146.58 ms, found 4 plugins.
Preloading 0 native plugins for Editor in 0.00 ms.
Mono: successfully reloaded assembly
- Completed reload, in  1.072 seconds
Domain Reload Profiling:
	ReloadAssembly (1072ms)
		BeginReloadAssembly (144ms)
			ExecutionOrderSort (0ms)
			DisableScriptedObjects (0ms)
			BackupInstance (0ms)
			ReleaseScriptingObjects (0ms)
			CreateAndSetChildDomain (1ms)
		EndReloadAssembly (772ms)
			LoadAssemblies (139ms)
			RebuildTransferFunctionScriptingTraits (0ms)
			SetupTypeCache (203ms)
				TypeCache.Initialize (202ms)
					TypeCache.ScanAssembly (200ms)
				ResolveRequiredComponents (1ms)
			ReleaseScriptCaches (0ms)
			RebuildScriptCaches (47ms)
			SetupLoadedEditorAssemblies (430ms)
				LogAssemblyErrors (0ms)
				InitializePlatformSupportModulesInManaged (20ms)
				SetLoadedEditorAssemblies (9ms)
				RefreshPlugins (147ms)
				BeforeProcessingInitializeOnLoad (1ms)
				ProcessInitializeOnLoadAttributes (179ms)
				ProcessInitializeOnLoadMethodAttributes (73ms)
				AfterProcessingInitializeOnLoad (0ms)
				EditorAssembliesLoaded (0ms)
			ExecutionOrderSort2 (0ms)
			AwakeInstancesAfterBackupRestoration (0ms)
Platform modules already initialized, skipping
Registering precompiled user dll's ...
Registered in 0.013965 seconds.
Begin MonoManager ReloadAssembly
Native extension for UWP target not found
Native extension for WindowsStandalone target not found
Native extension for OSXStandalone target not found
Native extension for WebGL target not found
Refreshing native plugins compatible for Editor in 163.82 ms, found 4 plugins.
Preloading 0 native plugins for Editor in 0.00 ms.
Mono: successfully reloaded assembly
- Completed reload, in  1.894 seconds
Domain Reload Profiling:
	ReloadAssembly (1895ms)
		BeginReloadAssembly (159ms)
			ExecutionOrderSort (0ms)
			DisableScriptedObjects (7ms)
			BackupInstance (0ms)
			ReleaseScriptingObjects (0ms)
			CreateAndSetChildDomain (24ms)
		EndReloadAssembly (1577ms)
			LoadAssemblies (150ms)
			RebuildTransferFunctionScriptingTraits (0ms)
			SetupTypeCache (441ms)
				TypeCache.Initialize (427ms)
					TypeCache.ScanAssembly (420ms)
				ResolveRequiredComponents (14ms)
			ReleaseScriptCaches (1ms)
			RebuildScriptCaches (84ms)
			SetupLoadedEditorAssemblies (848ms)
				LogAssemblyErrors (0ms)
				InitializePlatformSupportModulesInManaged (14ms)
				SetLoadedEditorAssemblies (8ms)
				RefreshPlugins (164ms)
				BeforeProcessingInitializeOnLoad (172ms)
				ProcessInitializeOnLoadAttributes (371ms)
				ProcessInitializeOnLoadMethodAttributes (110ms)
				AfterProcessingInitializeOnLoad (9ms)
				EditorAssembliesLoaded (0ms)
			ExecutionOrderSort2 (0ms)
			AwakeInstancesAfterBackupRestoration (6ms)
Platform modules already initialized, skipping
========================================================================
Worker process is ready to serve import requests
Launched and connected shader compiler UnityShaderCompiler.exe after 0.13 seconds
Refreshing native plugins compatible for Editor in 1.75 ms, found 4 plugins.
Preloading 0 native plugins for Editor in 0.00 ms.
Unloading 5937 Unused Serialized files (Serialized files now loaded: 0)
Unloading 43 unused Assets / (347.8 KB). Loaded Objects now: 6395.
Memory consumption went from 0.92 GB to 0.92 GB.
Total: 4.890100 ms (FindLiveObjects: 0.534100 ms CreateObjectMapping: 0.406500 ms MarkObjects: 3.693000 ms  DeleteObjects: 0.255000 ms)

AssetImportParameters requested are different than current active one (requested -> active):
  custom:video-decoder-ogg-theora: a1e56fd34408186e4bbccfd4996cb3dc -> 
  custom:container-muxer-webm: aa71ff27fc2769a1b78a27578f13a17b -> 
  custom:container-demuxer-webm: 4f35f7cbe854078d1ac9338744f61a02 -> 
  custom:video-encoder-webm-vp8: eb34c28f22e8b96e1ab97ce403110664 -> 
  custom:video-codec-MediaFoundation-h265: 746d11721c4dcdbdad8f713fa42b33f4 -> 
  custom:audio-encoder-webm-vorbis: bf7c407c2cedff20999df2af8eb42d56 -> 
  custom:framework-win-MediaFoundation: 216162199b28c13a410421893ffa2e32 -> 
  custom:container-demuxer-ogg: 62fdf1f143b41e24485cea50d1cbac27 -> 
  custom:video-decoder-webm-vp8: 9c59270c3fd7afecdb556c50c9e8de78 -> 
  custom:audio-decoder-ogg-vorbis: bf7c407c2cedff20999df2af8eb42d56 -> 
========================================================================
Received Import Request.
  Time since last request: 39016.581281 seconds.
  path: Assets/Sprites/TileMaps/Palettes/Water_Animation_Tile.asset
  artifactKey: Guid(1c0f3aae6c3f4944faa0a6cb2e192935) Importer(815301076,1909f56bfc062723c751e8b465ee728b)
Start importing Assets/Sprites/TileMaps/Palettes/Water_Animation_Tile.asset using Guid(1c0f3aae6c3f4944faa0a6cb2e192935) Importer(815301076,1909f56bfc062723c751e8b465ee728b)  -> (artifact id: '228c6446847caf24594f82aa4895cb65') in 0.052699 seconds 
========================================================================
Received Prepare
Registering precompiled user dll's ...
Registered in 0.010376 seconds.
Begin MonoManager ReloadAssembly
Native extension for UWP target not found
Native extension for WindowsStandalone target not found
Native extension for OSXStandalone target not found
Native extension for WebGL target not found
Refreshing native plugins compatible for Editor in 1.60 ms, found 4 plugins.
Preloading 0 native plugins for Editor in 0.00 ms.
Mono: successfully reloaded assembly
- Completed reload, in  1.865 seconds
Domain Reload Profiling:
	ReloadAssembly (1866ms)
		BeginReloadAssembly (167ms)
			ExecutionOrderSort (0ms)
			DisableScriptedObjects (7ms)
			BackupInstance (0ms)
			ReleaseScriptingObjects (0ms)
			CreateAndSetChildDomain (51ms)
		EndReloadAssembly (1548ms)
			LoadAssemblies (133ms)
			RebuildTransferFunctionScriptingTraits (0ms)
			SetupTypeCache (478ms)
				TypeCache.Initialize (460ms)
					TypeCache.ScanAssembly (451ms)
				ResolveRequiredComponents (17ms)
			ReleaseScriptCaches (3ms)
			RebuildScriptCaches (79ms)
			SetupLoadedEditorAssemblies (760ms)
				LogAssemblyErrors (0ms)
				InitializePlatformSupportModulesInManaged (25ms)
				SetLoadedEditorAssemblies (8ms)
				RefreshPlugins (2ms)
				BeforeProcessingInitializeOnLoad (135ms)
				ProcessInitializeOnLoadAttributes (455ms)
				ProcessInitializeOnLoadMethodAttributes (124ms)
				AfterProcessingInitializeOnLoad (11ms)
				EditorAssembliesLoaded (0ms)
			ExecutionOrderSort2 (0ms)
			AwakeInstancesAfterBackupRestoration (13ms)
Platform modules already initialized, skipping
Refreshing native plugins compatible for Editor in 4.27 ms, found 4 plugins.
Preloading 0 native plugins for Editor in 0.00 ms.
Unloading 5782 Unused Serialized files (Serialized files now loaded: 0)
Unloading 28 unused Assets / (310.0 KB). Loaded Objects now: 6400.
Memory consumption went from 0.89 GB to 0.89 GB.
Total: 4.774500 ms (FindLiveObjects: 0.537800 ms CreateObjectMapping: 0.348100 ms MarkObjects: 3.773900 ms  DeleteObjects: 0.113000 ms)

AssetImportParameters requested are different than current active one (requested -> active):
  custom:video-decoder-ogg-theora: a1e56fd34408186e4bbccfd4996cb3dc -> 
  custom:container-muxer-webm: aa71ff27fc2769a1b78a27578f13a17b -> 
  custom:container-demuxer-webm: 4f35f7cbe854078d1ac9338744f61a02 -> 
  custom:video-encoder-webm-vp8: eb34c28f22e8b96e1ab97ce403110664 -> 
  custom:video-codec-MediaFoundation-h265: 746d11721c4dcdbdad8f713fa42b33f4 -> 
  custom:audio-encoder-webm-vorbis: bf7c407c2cedff20999df2af8eb42d56 -> 
  custom:framework-win-MediaFoundation: 216162199b28c13a410421893ffa2e32 -> 
  custom:container-demuxer-ogg: 62fdf1f143b41e24485cea50d1cbac27 -> 
  custom:video-decoder-webm-vp8: 9c59270c3fd7afecdb556c50c9e8de78 -> 
  custom:audio-decoder-ogg-vorbis: bf7c407c2cedff20999df2af8eb42d56 -> 
========================================================================
Received Prepare
Registering precompiled user dll's ...
Registered in 0.009892 seconds.
Begin MonoManager ReloadAssembly
Native extension for UWP target not found
Native extension for WindowsStandalone target not found
Native extension for OSXStandalone target not found
Native extension for WebGL target not found
Refreshing native plugins compatible for Editor in 1.34 ms, found 4 plugins.
Preloading 0 native plugins for Editor in 0.00 ms.
Mono: successfully reloaded assembly
- Completed reload, in  1.797 seconds
Domain Reload Profiling:
	ReloadAssembly (1798ms)
		BeginReloadAssembly (201ms)
			ExecutionOrderSort (0ms)
			DisableScriptedObjects (9ms)
			BackupInstance (0ms)
			ReleaseScriptingObjects (0ms)
			CreateAndSetChildDomain (51ms)
		EndReloadAssembly (1408ms)
			LoadAssemblies (152ms)
			RebuildTransferFunctionScriptingTraits (0ms)
			SetupTypeCache (438ms)
				TypeCache.Initialize (420ms)
					TypeCache.ScanAssembly (411ms)
				ResolveRequiredComponents (17ms)
			ReleaseScriptCaches (2ms)
			RebuildScriptCaches (69ms)
			SetupLoadedEditorAssemblies (659ms)
				LogAssemblyErrors (0ms)
				InitializePlatformSupportModulesInManaged (25ms)
				SetLoadedEditorAssemblies (9ms)
				RefreshPlugins (1ms)
				BeforeProcessingInitializeOnLoad (138ms)
				ProcessInitializeOnLoadAttributes (367ms)
				ProcessInitializeOnLoadMethodAttributes (109ms)
				AfterProcessingInitializeOnLoad (10ms)
				EditorAssembliesLoaded (0ms)
			ExecutionOrderSort2 (0ms)
			AwakeInstancesAfterBackupRestoration (13ms)
Platform modules already initialized, skipping
Refreshing native plugins compatible for Editor in 4.77 ms, found 4 plugins.
Preloading 0 native plugins for Editor in 0.00 ms.
Unloading 5782 Unused Serialized files (Serialized files now loaded: 0)
Unloading 28 unused Assets / (311.0 KB). Loaded Objects now: 6404.
Memory consumption went from 0.89 GB to 0.89 GB.
Total: 5.190400 ms (FindLiveObjects: 0.624300 ms CreateObjectMapping: 0.517100 ms MarkObjects: 3.911800 ms  DeleteObjects: 0.135600 ms)

AssetImportParameters requested are different than current active one (requested -> active):
  custom:video-decoder-ogg-theora: a1e56fd34408186e4bbccfd4996cb3dc -> 
  custom:container-muxer-webm: aa71ff27fc2769a1b78a27578f13a17b -> 
  custom:container-demuxer-webm: 4f35f7cbe854078d1ac9338744f61a02 -> 
  custom:video-encoder-webm-vp8: eb34c28f22e8b96e1ab97ce403110664 -> 
  custom:video-codec-MediaFoundation-h265: 746d11721c4dcdbdad8f713fa42b33f4 -> 
  custom:audio-encoder-webm-vorbis: bf7c407c2cedff20999df2af8eb42d56 -> 
  custom:framework-win-MediaFoundation: 216162199b28c13a410421893ffa2e32 -> 
  custom:container-demuxer-ogg: 62fdf1f143b41e24485cea50d1cbac27 -> 
  custom:video-decoder-webm-vp8: 9c59270c3fd7afecdb556c50c9e8de78 -> 
  custom:audio-decoder-ogg-vorbis: bf7c407c2cedff20999df2af8eb42d56 -> 
========================================================================
Received Import Request.
  Time since last request: 218.035394 seconds.
  path: Assets/Sprites/TileMaps/Palettes/RPG Static Tileset/Water_Full_Animation_Tile.asset
  artifactKey: Guid(1c0f3aae6c3f4944faa0a6cb2e192935) Importer(815301076,1909f56bfc062723c751e8b465ee728b)
Start importing Assets/Sprites/TileMaps/Palettes/RPG Static Tileset/Water_Full_Animation_Tile.asset using Guid(1c0f3aae6c3f4944faa0a6cb2e192935) Importer(815301076,1909f56bfc062723c751e8b465ee728b)  -> (artifact id: '95700cb6b1b4299fe1fb0cfb09f28d32') in 0.031622 seconds 
========================================================================
Received Import Request.
  Time since last request: 18.370245 seconds.
  path: Assets/Sprites/TileMaps/Palettes/RPG Static Tileset/Water_Wall.asset
  artifactKey: Guid(f6dcba61c6056b64f9596e649f3f28f3) Importer(815301076,1909f56bfc062723c751e8b465ee728b)
Start importing Assets/Sprites/TileMaps/Palettes/RPG Static Tileset/Water_Wall.asset using Guid(f6dcba61c6056b64f9596e649f3f28f3) Importer(815301076,1909f56bfc062723c751e8b465ee728b)  -> (artifact id: '6ef83b6e4d2bd0f7000d344bd54a4485') in 0.009272 seconds 
========================================================================
Received Import Request.
  Time since last request: 14.597915 seconds.
  path: Assets/Sprites/TileMaps/Test Palette.prefab
  artifactKey: Guid(29f51f39f3b74dc4dafae027debc4cf4) Importer(815301076,1909f56bfc062723c751e8b465ee728b)
Start importing Assets/Sprites/TileMaps/Test Palette.prefab using Guid(29f51f39f3b74dc4dafae027debc4cf4) Importer(815301076,1909f56bfc062723c751e8b465ee728b)  -> (artifact id: '3d863ee5d98c1f0118cd25190f20a108') in 0.348740 seconds 
========================================================================
Received Prepare
Registering precompiled user dll's ...
Registered in 0.009390 seconds.
Begin MonoManager ReloadAssembly
Native extension for UWP target not found
Native extension for WindowsStandalone target not found
Native extension for OSXStandalone target not found
Native extension for WebGL target not found
Refreshing native plugins compatible for Editor in 1.32 ms, found 4 plugins.
Preloading 0 native plugins for Editor in 0.00 ms.
Mono: successfully reloaded assembly
- Completed reload, in  1.757 seconds
Domain Reload Profiling:
	ReloadAssembly (1758ms)
		BeginReloadAssembly (180ms)
			ExecutionOrderSort (0ms)
			DisableScriptedObjects (11ms)
			BackupInstance (0ms)
			ReleaseScriptingObjects (0ms)
			CreateAndSetChildDomain (58ms)
		EndReloadAssembly (1444ms)
			LoadAssemblies (130ms)
			RebuildTransferFunctionScriptingTraits (0ms)
			SetupTypeCache (393ms)
				TypeCache.Initialize (379ms)
					TypeCache.ScanAssembly (369ms)
				ResolveRequiredComponents (14ms)
			ReleaseScriptCaches (2ms)
			RebuildScriptCaches (67ms)
			SetupLoadedEditorAssemblies (736ms)
				LogAssemblyErrors (0ms)
				InitializePlatformSupportModulesInManaged (23ms)
				SetLoadedEditorAssemblies (8ms)
				RefreshPlugins (1ms)
				BeforeProcessingInitializeOnLoad (165ms)
				ProcessInitializeOnLoadAttributes (423ms)
				ProcessInitializeOnLoadMethodAttributes (105ms)
				AfterProcessingInitializeOnLoad (10ms)
				EditorAssembliesLoaded (0ms)
			ExecutionOrderSort2 (0ms)
			AwakeInstancesAfterBackupRestoration (14ms)
Platform modules already initialized, skipping
Refreshing native plugins compatible for Editor in 4.56 ms, found 4 plugins.
Preloading 0 native plugins for Editor in 0.00 ms.
Unloading 5782 Unused Serialized files (Serialized files now loaded: 0)
Unloading 28 unused Assets / (309.9 KB). Loaded Objects now: 6456.
Memory consumption went from 0.89 GB to 0.89 GB.
Total: 6.035500 ms (FindLiveObjects: 0.493200 ms CreateObjectMapping: 0.331600 ms MarkObjects: 5.066700 ms  DeleteObjects: 0.142200 ms)

AssetImportParameters requested are different than current active one (requested -> active):
  custom:video-decoder-ogg-theora: a1e56fd34408186e4bbccfd4996cb3dc -> 
  custom:container-muxer-webm: aa71ff27fc2769a1b78a27578f13a17b -> 
  custom:container-demuxer-webm: 4f35f7cbe854078d1ac9338744f61a02 -> 
  custom:video-encoder-webm-vp8: eb34c28f22e8b96e1ab97ce403110664 -> 
  custom:video-codec-MediaFoundation-h265: 746d11721c4dcdbdad8f713fa42b33f4 -> 
  custom:audio-encoder-webm-vorbis: bf7c407c2cedff20999df2af8eb42d56 -> 
  custom:framework-win-MediaFoundation: 216162199b28c13a410421893ffa2e32 -> 
  custom:container-demuxer-ogg: 62fdf1f143b41e24485cea50d1cbac27 -> 
  custom:video-decoder-webm-vp8: 9c59270c3fd7afecdb556c50c9e8de78 -> 
  custom:audio-decoder-ogg-vorbis: bf7c407c2cedff20999df2af8eb42d56 -> 
========================================================================
Received Import Request.
  Time since last request: 102.276972 seconds.
  path: Assets/Sprites/TileMaps/Palettes/RPG Static Tileset/Water_Wall.asset
  artifactKey: Guid(f6dcba61c6056b64f9596e649f3f28f3) Importer(815301076,1909f56bfc062723c751e8b465ee728b)
Start importing Assets/Sprites/TileMaps/Palettes/RPG Static Tileset/Water_Wall.asset using Guid(f6dcba61c6056b64f9596e649f3f28f3) Importer(815301076,1909f56bfc062723c751e8b465ee728b)  -> (artifact id: '32ca1e8a9131c139f3a45acc9353063c') in 0.035273 seconds 
========================================================================
Received Import Request.
  Time since last request: 66.272529 seconds.
  path: Assets/Sprites/TileMaps/Test Palette.prefab
  artifactKey: Guid(29f51f39f3b74dc4dafae027debc4cf4) Importer(815301076,1909f56bfc062723c751e8b465ee728b)
Start importing Assets/Sprites/TileMaps/Test Palette.prefab using Guid(29f51f39f3b74dc4dafae027debc4cf4) Importer(815301076,1909f56bfc062723c751e8b465ee728b)  -> (artifact id: '178790b52b0df4ff8916e230e3ef2cd1') in 0.236722 seconds 
========================================================================
Received Import Request.
  Time since last request: 75.024057 seconds.
  path: Assets/Sprites/TileMaps/Palettes/RPG Static Tileset/Torch.asset
  artifactKey: Guid(40d38ecd9a581a04a8ddff6c17442e05) Importer(815301076,1909f56bfc062723c751e8b465ee728b)
Start importing Assets/Sprites/TileMaps/Palettes/RPG Static Tileset/Torch.asset using Guid(40d38ecd9a581a04a8ddff6c17442e05) Importer(815301076,1909f56bfc062723c751e8b465ee728b)  -> (artifact id: 'e3146b69da67d12eca97e000afa9b228') in 0.008498 seconds 
========================================================================
Received Prepare
Registering precompiled user dll's ...
Registered in 0.011879 seconds.
Begin MonoManager ReloadAssembly
Native extension for UWP target not found
Native extension for WindowsStandalone target not found
Native extension for OSXStandalone target not found
Native extension for WebGL target not found
Refreshing native plugins compatible for Editor in 1.37 ms, found 4 plugins.
Preloading 0 native plugins for Editor in 0.00 ms.
Mono: successfully reloaded assembly
- Completed reload, in  1.763 seconds
Domain Reload Profiling:
	ReloadAssembly (1764ms)
		BeginReloadAssembly (195ms)
			ExecutionOrderSort (0ms)
			DisableScriptedObjects (12ms)
			BackupInstance (0ms)
			ReleaseScriptingObjects (0ms)
			CreateAndSetChildDomain (58ms)
		EndReloadAssembly (1423ms)
			LoadAssemblies (132ms)
			RebuildTransferFunctionScriptingTraits (0ms)
			SetupTypeCache (437ms)
				TypeCache.Initialize (418ms)
					TypeCache.ScanAssembly (408ms)
				ResolveRequiredComponents (19ms)
			ReleaseScriptCaches (3ms)
			RebuildScriptCaches (68ms)
			SetupLoadedEditorAssemblies (676ms)
				LogAssemblyErrors (0ms)
				InitializePlatformSupportModulesInManaged (23ms)
				SetLoadedEditorAssemblies (8ms)
				RefreshPlugins (1ms)
				BeforeProcessingInitializeOnLoad (132ms)
				ProcessInitializeOnLoadAttributes (401ms)
				ProcessInitializeOnLoadMethodAttributes (99ms)
				AfterProcessingInitializeOnLoad (10ms)
				EditorAssembliesLoaded (0ms)
			ExecutionOrderSort2 (0ms)
			AwakeInstancesAfterBackupRestoration (17ms)
Platform modules already initialized, skipping
Refreshing native plugins compatible for Editor in 4.19 ms, found 4 plugins.
Preloading 0 native plugins for Editor in 0.00 ms.
Unloading 5782 Unused Serialized files (Serialized files now loaded: 0)
Unloading 28 unused Assets / (309.8 KB). Loaded Objects now: 6500.
Memory consumption went from 0.89 GB to 0.89 GB.
Total: 5.259100 ms (FindLiveObjects: 0.517100 ms CreateObjectMapping: 0.379000 ms MarkObjects: 4.266200 ms  DeleteObjects: 0.095300 ms)

AssetImportParameters requested are different than current active one (requested -> active):
  custom:video-decoder-ogg-theora: a1e56fd34408186e4bbccfd4996cb3dc -> 
  custom:container-muxer-webm: aa71ff27fc2769a1b78a27578f13a17b -> 
  custom:container-demuxer-webm: 4f35f7cbe854078d1ac9338744f61a02 -> 
  custom:video-encoder-webm-vp8: eb34c28f22e8b96e1ab97ce403110664 -> 
  custom:video-codec-MediaFoundation-h265: 746d11721c4dcdbdad8f713fa42b33f4 -> 
  custom:audio-encoder-webm-vorbis: bf7c407c2cedff20999df2af8eb42d56 -> 
  custom:framework-win-MediaFoundation: 216162199b28c13a410421893ffa2e32 -> 
  custom:container-demuxer-ogg: 62fdf1f143b41e24485cea50d1cbac27 -> 
  custom:video-decoder-webm-vp8: 9c59270c3fd7afecdb556c50c9e8de78 -> 
  custom:audio-decoder-ogg-vorbis: bf7c407c2cedff20999df2af8eb42d56 -> 
========================================================================
Received Prepare
Registering precompiled user dll's ...
Registered in 0.008595 seconds.
Begin MonoManager ReloadAssembly
Native extension for UWP target not found
Native extension for WindowsStandalone target not found
Native extension for OSXStandalone target not found
Native extension for WebGL target not found
Refreshing native plugins compatible for Editor in 1.44 ms, found 4 plugins.
Preloading 0 native plugins for Editor in 0.00 ms.
Mono: successfully reloaded assembly
- Completed reload, in  1.695 seconds
Domain Reload Profiling:
	ReloadAssembly (1696ms)
		BeginReloadAssembly (241ms)
			ExecutionOrderSort (0ms)
			DisableScriptedObjects (9ms)
			BackupInstance (0ms)
			ReleaseScriptingObjects (0ms)
			CreateAndSetChildDomain (104ms)
		EndReloadAssembly (1313ms)
			LoadAssemblies (141ms)
			RebuildTransferFunctionScriptingTraits (0ms)
			SetupTypeCache (379ms)
				TypeCache.Initialize (363ms)
					TypeCache.ScanAssembly (354ms)
				ResolveRequiredComponents (16ms)
			ReleaseScriptCaches (3ms)
			RebuildScriptCaches (69ms)
			SetupLoadedEditorAssemblies (602ms)
				LogAssemblyErrors (0ms)
				InitializePlatformSupportModulesInManaged (23ms)
				SetLoadedEditorAssemblies (9ms)
				RefreshPlugins (2ms)
				BeforeProcessingInitializeOnLoad (116ms)
				ProcessInitializeOnLoadAttributes (327ms)
				ProcessInitializeOnLoadMethodAttributes (116ms)
				AfterProcessingInitializeOnLoad (10ms)
				EditorAssembliesLoaded (0ms)
			ExecutionOrderSort2 (0ms)
			AwakeInstancesAfterBackupRestoration (19ms)
Platform modules already initialized, skipping
Refreshing native plugins compatible for Editor in 4.58 ms, found 4 plugins.
Preloading 0 native plugins for Editor in 0.00 ms.
Unloading 5782 Unused Serialized files (Serialized files now loaded: 0)
Unloading 28 unused Assets / (309.8 KB). Loaded Objects now: 6504.
Memory consumption went from 0.89 GB to 0.89 GB.
Total: 4.795700 ms (FindLiveObjects: 0.716200 ms CreateObjectMapping: 0.348800 ms MarkObjects: 3.606500 ms  DeleteObjects: 0.122000 ms)

AssetImportParameters requested are different than current active one (requested -> active):
  custom:video-decoder-ogg-theora: a1e56fd34408186e4bbccfd4996cb3dc -> 
  custom:container-muxer-webm: aa71ff27fc2769a1b78a27578f13a17b -> 
  custom:container-demuxer-webm: 4f35f7cbe854078d1ac9338744f61a02 -> 
  custom:video-encoder-webm-vp8: eb34c28f22e8b96e1ab97ce403110664 -> 
  custom:video-codec-MediaFoundation-h265: 746d11721c4dcdbdad8f713fa42b33f4 -> 
  custom:audio-encoder-webm-vorbis: bf7c407c2cedff20999df2af8eb42d56 -> 
  custom:framework-win-MediaFoundation: 216162199b28c13a410421893ffa2e32 -> 
  custom:container-demuxer-ogg: 62fdf1f143b41e24485cea50d1cbac27 -> 
  custom:video-decoder-webm-vp8: 9c59270c3fd7afecdb556c50c9e8de78 -> 
  custom:audio-decoder-ogg-vorbis: bf7c407c2cedff20999df2af8eb42d56 -> 
========================================================================
Received Import Request.
  Time since last request: 399.377469 seconds.
  path: Assets/Sprites/TileMaps/Test Palette.prefab
  artifactKey: Guid(29f51f39f3b74dc4dafae027debc4cf4) Importer(815301076,1909f56bfc062723c751e8b465ee728b)
Start importing Assets/Sprites/TileMaps/Test Palette.prefab using Guid(29f51f39f3b74dc4dafae027debc4cf4) Importer(815301076,1909f56bfc062723c751e8b465ee728b)  -> (artifact id: '0d5a9f0efb73c1a2af4f1e6f8d349e37') in 0.246080 seconds 
========================================================================
Received Import Request.
  Time since last request: 20.061978 seconds.
  path: Assets/Sprites/TileMaps/Test_Rule_Tile.asset
  artifactKey: Guid(f9a594d382af2884587ac9357f20883e) Importer(815301076,1909f56bfc062723c751e8b465ee728b)
Start importing Assets/Sprites/TileMaps/Test_Rule_Tile.asset using Guid(f9a594d382af2884587ac9357f20883e) Importer(815301076,1909f56bfc062723c751e8b465ee728b)  -> (artifact id: 'f629b51d982ae31fc96cc83c0a237baa') in 0.021179 seconds 
========================================================================
Received Import Request.
  Time since last request: 166.847596 seconds.
  path: Assets/Sprites/TileMaps/Test_Rule_Tile.asset
  artifactKey: Guid(f9a594d382af2884587ac9357f20883e) Importer(815301076,1909f56bfc062723c751e8b465ee728b)
Start importing Assets/Sprites/TileMaps/Test_Rule_Tile.asset using Guid(f9a594d382af2884587ac9357f20883e) Importer(815301076,1909f56bfc062723c751e8b465ee728b)  -> (artifact id: '2e47099f4d57f5222890728421d3eac5') in 0.023240 seconds 
========================================================================
Received Import Request.
  Time since last request: 585.808003 seconds.
  path: Assets/Sprites/TileMaps/Test Palette.prefab
  artifactKey: Guid(29f51f39f3b74dc4dafae027debc4cf4) Importer(815301076,1909f56bfc062723c751e8b465ee728b)
Start importing Assets/Sprites/TileMaps/Test Palette.prefab using Guid(29f51f39f3b74dc4dafae027debc4cf4) Importer(815301076,1909f56bfc062723c751e8b465ee728b)  -> (artifact id: 'fbdc1c3efaf595cde44d382baeaf3a6c') in 0.056784 seconds 
========================================================================
Received Import Request.
  Time since last request: 2.483995 seconds.
  path: Assets/Sprites/TileMaps/Test Palette.prefab
  artifactKey: Guid(29f51f39f3b74dc4dafae027debc4cf4) Importer(815301076,1909f56bfc062723c751e8b465ee728b)
Start importing Assets/Sprites/TileMaps/Test Palette.prefab using Guid(29f51f39f3b74dc4dafae027debc4cf4) Importer(815301076,1909f56bfc062723c751e8b465ee728b)  -> (artifact id: '2ef85fd0eba394d5d7b4521823d4b53d') in 0.069047 seconds 
========================================================================
Received Import Request.
  Time since last request: 18.503095 seconds.
  path: Assets/Sprites/TileMaps/Test_Rule_Tile.asset
  artifactKey: Guid(f9a594d382af2884587ac9357f20883e) Importer(815301076,1909f56bfc062723c751e8b465ee728b)
Start importing Assets/Sprites/TileMaps/Test_Rule_Tile.asset using Guid(f9a594d382af2884587ac9357f20883e) Importer(815301076,1909f56bfc062723c751e8b465ee728b)  -> (artifact id: 'd5f41ad5d6eeb249f9d8d21395ffa28b') in 0.011718 seconds 
========================================================================
Received Import Request.
  Time since last request: 0.090400 seconds.
  path: Assets/Sprites/TileMaps/Test Palette.prefab
  artifactKey: Guid(29f51f39f3b74dc4dafae027debc4cf4) Importer(815301076,1909f56bfc062723c751e8b465ee728b)
Start importing Assets/Sprites/TileMaps/Test Palette.prefab using Guid(29f51f39f3b74dc4dafae027debc4cf4) Importer(815301076,1909f56bfc062723c751e8b465ee728b)  -> (artifact id: 'a595abd5dc9b6b1e7ac340efcc1f8865') in 0.104165 seconds 
========================================================================
Received Import Request.
  Time since last request: 544.834996 seconds.
  path: Assets/Sprites/TileMaps/Test_Rule_Tile.asset
  artifactKey: Guid(f9a594d382af2884587ac9357f20883e) Importer(815301076,1909f56bfc062723c751e8b465ee728b)
Start importing Assets/Sprites/TileMaps/Test_Rule_Tile.asset using Guid(f9a594d382af2884587ac9357f20883e) Importer(815301076,1909f56bfc062723c751e8b465ee728b)  -> (artifact id: '506c441ab8452d885e430af8a92a3618') in 0.024620 seconds 
