Using pre-set license
Built from '2022.1/staging' branch; Version is '2022.1.7f1 (240f4c1f462c) revision 2363212'; Using compiler version '192829333'; Build Type 'Release'
OS: 'Windows 10  (10.0.19044) 64bit Core' Language: 'en' Physical Memory: 15789 MB
BatchMode: 1, IsHumanControllingUs: 0, StartBugReporterOnCrash: 0, Is64bit: 1, IsPro: 1

COMMAND LINE ARGUMENTS:
C:\Program Files\Unity\Hub\Editor\2022.1.7f1\Editor\Unity.exe
-adb2
-batchMode
-noUpm
-name
AssetImportWorker3
-projectPath
C:/Users/Digx7/Desktop/Files/Work/Git_Repos/LOWREZ_Jam_2022/LOWREZ Jam 2022
-logFile
Logs/AssetImportWorker3.log
-srvPort
51548
Successfully changed project path to: C:/Users/Digx7/Desktop/Files/Work/Git_Repos/LOWREZ_Jam_2022/LOWREZ Jam 2022
C:/Users/Digx7/Desktop/Files/Work/Git_Repos/LOWREZ_Jam_2022/LOWREZ Jam 2022
[UnityMemory] Configuration Parameters - Can be set up in boot.config
    "memorysetup-bucket-allocator-granularity=16"
    "memorysetup-bucket-allocator-bucket-count=8"
    "memorysetup-bucket-allocator-block-size=33554432"
    "memorysetup-bucket-allocator-block-count=8"
    "memorysetup-main-allocator-block-size=16777216"
    "memorysetup-thread-allocator-block-size=16777216"
    "memorysetup-gfx-main-allocator-block-size=16777216"
    "memorysetup-gfx-thread-allocator-block-size=16777216"
    "memorysetup-cache-allocator-block-size=4194304"
    "memorysetup-typetree-allocator-block-size=2097152"
    "memorysetup-profiler-bucket-allocator-granularity=16"
    "memorysetup-profiler-bucket-allocator-bucket-count=8"
    "memorysetup-profiler-bucket-allocator-block-size=33554432"
    "memorysetup-profiler-bucket-allocator-block-count=8"
    "memorysetup-profiler-allocator-block-size=16777216"
    "memorysetup-profiler-editor-allocator-block-size=1048576"
    "memorysetup-temp-allocator-size-main=16777216"
    "memorysetup-job-temp-allocator-block-size=2097152"
    "memorysetup-job-temp-allocator-block-size-background=1048576"
    "memorysetup-job-temp-allocator-reduction-small-platforms=262144"
    "memorysetup-temp-allocator-size-background-worker=32768"
    "memorysetup-temp-allocator-size-job-worker=262144"
    "memorysetup-temp-allocator-size-preload-manager=33554432"
    "memorysetup-temp-allocator-size-nav-mesh-worker=65536"
    "memorysetup-temp-allocator-size-audio-worker=65536"
    "memorysetup-temp-allocator-size-cloud-worker=32768"
    "memorysetup-temp-allocator-size-gi-baking-worker=262144"
    "memorysetup-temp-allocator-size-gfx=262144"
Refreshing native plugins compatible for Editor in 198.62 ms, found 4 plugins.
Preloading 0 native plugins for Editor in 0.00 ms.
Initialize engine version: 2022.1.7f1 (240f4c1f462c)
[Subsystems] Discovering subsystems at path C:/Program Files/Unity/Hub/Editor/2022.1.7f1/Editor/Data/Resources/UnitySubsystems
[Subsystems] Discovering subsystems at path C:/Users/Digx7/Desktop/Files/Work/Git_Repos/LOWREZ_Jam_2022/LOWREZ Jam 2022/Assets
GfxDevice: creating device client; threaded=0; jobified=0
Direct3D:
    Version:  Direct3D 11.0 [level 11.1]
    Renderer: NVIDIA GeForce RTX 2060 with Max-Q Design (ID=0x1f12)
    Vendor:   NVIDIA
    VRAM:     5980 MB
    Driver:   30.0.15.1278
Initialize mono
Mono path[0] = 'C:/Program Files/Unity/Hub/Editor/2022.1.7f1/Editor/Data/Managed'
Mono path[1] = 'C:/Program Files/Unity/Hub/Editor/2022.1.7f1/Editor/Data/MonoBleedingEdge/lib/mono/unityjit-win32'
Mono config path = 'C:/Program Files/Unity/Hub/Editor/2022.1.7f1/Editor/Data/MonoBleedingEdge/etc'
Using monoOptions --debugger-agent=transport=dt_socket,embedding=1,server=y,suspend=n,address=127.0.0.1:56784
Begin MonoManager ReloadAssembly
Registering precompiled unity dll's ...
Register platform support module: C:/Program Files/Unity/Hub/Editor/2022.1.7f1/Editor/Data/PlaybackEngines/WebGLSupport/UnityEditor.WebGL.Extensions.dll
Register platform support module: C:/Program Files/Unity/Hub/Editor/2022.1.7f1/Editor/Data/PlaybackEngines/MacStandaloneSupport/UnityEditor.OSXStandalone.Extensions.dll
Register platform support module: C:/Program Files/Unity/Hub/Editor/2022.1.7f1/Editor/Data/PlaybackEngines/WindowsStandaloneSupport/UnityEditor.WindowsStandalone.Extensions.dll
Register platform support module: C:/Program Files/Unity/Hub/Editor/2022.1.7f1/Editor/Data/PlaybackEngines/MetroSupport/UnityEditor.UWP.Extensions.dll
Registered in 0.013798 seconds.
Native extension for UWP target not found
Native extension for WindowsStandalone target not found
Native extension for OSXStandalone target not found
Native extension for WebGL target not found
Refreshing native plugins compatible for Editor in 156.09 ms, found 4 plugins.
Preloading 0 native plugins for Editor in 0.00 ms.
Mono: successfully reloaded assembly
- Completed reload, in  0.944 seconds
Domain Reload Profiling:
	ReloadAssembly (944ms)
		BeginReloadAssembly (118ms)
			ExecutionOrderSort (0ms)
			DisableScriptedObjects (0ms)
			BackupInstance (0ms)
			ReleaseScriptingObjects (0ms)
			CreateAndSetChildDomain (1ms)
		EndReloadAssembly (687ms)
			LoadAssemblies (116ms)
			RebuildTransferFunctionScriptingTraits (0ms)
			SetupTypeCache (176ms)
				TypeCache.Initialize (175ms)
					TypeCache.ScanAssembly (174ms)
				ResolveRequiredComponents (0ms)
			ReleaseScriptCaches (0ms)
			RebuildScriptCaches (33ms)
			SetupLoadedEditorAssemblies (412ms)
				LogAssemblyErrors (0ms)
				InitializePlatformSupportModulesInManaged (19ms)
				SetLoadedEditorAssemblies (9ms)
				RefreshPlugins (156ms)
				BeforeProcessingInitializeOnLoad (2ms)
				ProcessInitializeOnLoadAttributes (167ms)
				ProcessInitializeOnLoadMethodAttributes (59ms)
				AfterProcessingInitializeOnLoad (0ms)
				EditorAssembliesLoaded (0ms)
			ExecutionOrderSort2 (0ms)
			AwakeInstancesAfterBackupRestoration (0ms)
Platform modules already initialized, skipping
Registering precompiled user dll's ...
Registered in 0.010050 seconds.
Begin MonoManager ReloadAssembly
Native extension for UWP target not found
Native extension for WindowsStandalone target not found
Native extension for OSXStandalone target not found
Native extension for WebGL target not found
Refreshing native plugins compatible for Editor in 162.50 ms, found 4 plugins.
Preloading 0 native plugins for Editor in 0.00 ms.
Mono: successfully reloaded assembly
- Completed reload, in  1.949 seconds
Domain Reload Profiling:
	ReloadAssembly (1950ms)
		BeginReloadAssembly (167ms)
			ExecutionOrderSort (0ms)
			DisableScriptedObjects (6ms)
			BackupInstance (0ms)
			ReleaseScriptingObjects (0ms)
			CreateAndSetChildDomain (32ms)
		EndReloadAssembly (1607ms)
			LoadAssemblies (142ms)
			RebuildTransferFunctionScriptingTraits (0ms)
			SetupTypeCache (393ms)
				TypeCache.Initialize (381ms)
					TypeCache.ScanAssembly (375ms)
				ResolveRequiredComponents (12ms)
			ReleaseScriptCaches (1ms)
			RebuildScriptCaches (108ms)
			SetupLoadedEditorAssemblies (893ms)
				LogAssemblyErrors (0ms)
				InitializePlatformSupportModulesInManaged (14ms)
				SetLoadedEditorAssemblies (11ms)
				RefreshPlugins (163ms)
				BeforeProcessingInitializeOnLoad (156ms)
				ProcessInitializeOnLoadAttributes (426ms)
				ProcessInitializeOnLoadMethodAttributes (112ms)
				AfterProcessingInitializeOnLoad (12ms)
				EditorAssembliesLoaded (0ms)
			ExecutionOrderSort2 (0ms)
			AwakeInstancesAfterBackupRestoration (6ms)
Platform modules already initialized, skipping
========================================================================
Worker process is ready to serve import requests
Launched and connected shader compiler UnityShaderCompiler.exe after 0.11 seconds
Refreshing native plugins compatible for Editor in 1.26 ms, found 4 plugins.
Preloading 0 native plugins for Editor in 0.00 ms.
Unloading 5936 Unused Serialized files (Serialized files now loaded: 0)
Unloading 43 unused Assets / (347.0 KB). Loaded Objects now: 6393.
Memory consumption went from 0.92 GB to 0.92 GB.
Total: 4.813100 ms (FindLiveObjects: 0.600200 ms CreateObjectMapping: 0.281800 ms MarkObjects: 3.680700 ms  DeleteObjects: 0.248700 ms)

AssetImportParameters requested are different than current active one (requested -> active):
  custom:video-decoder-ogg-theora: a1e56fd34408186e4bbccfd4996cb3dc -> 
  custom:container-muxer-webm: aa71ff27fc2769a1b78a27578f13a17b -> 
  custom:container-demuxer-webm: 4f35f7cbe854078d1ac9338744f61a02 -> 
  custom:video-encoder-webm-vp8: eb34c28f22e8b96e1ab97ce403110664 -> 
  custom:video-codec-MediaFoundation-h265: 746d11721c4dcdbdad8f713fa42b33f4 -> 
  custom:audio-encoder-webm-vorbis: bf7c407c2cedff20999df2af8eb42d56 -> 
  custom:framework-win-MediaFoundation: 216162199b28c13a410421893ffa2e32 -> 
  custom:container-demuxer-ogg: 62fdf1f143b41e24485cea50d1cbac27 -> 
  custom:video-decoder-webm-vp8: 9c59270c3fd7afecdb556c50c9e8de78 -> 
  custom:audio-decoder-ogg-vorbis: bf7c407c2cedff20999df2af8eb42d56 -> 
========================================================================
Received Import Request.
  Time since last request: 34499.300531 seconds.
  path: Assets/Prefab/Managers/Music_Manager.prefab
  artifactKey: Guid(d66af9843541a5d48a7a0a65ee297930) Importer(815301076,1909f56bfc062723c751e8b465ee728b)
Start importing Assets/Prefab/Managers/Music_Manager.prefab using Guid(d66af9843541a5d48a7a0a65ee297930) Importer(815301076,1909f56bfc062723c751e8b465ee728b)  -> (artifact id: '4281991efca2379f38168232b39e8651') in 0.073826 seconds 
========================================================================
Received Prepare
Registering precompiled user dll's ...
Registered in 0.011834 seconds.
Begin MonoManager ReloadAssembly
Native extension for UWP target not found
Native extension for WindowsStandalone target not found
Native extension for OSXStandalone target not found
Native extension for WebGL target not found
Refreshing native plugins compatible for Editor in 1.65 ms, found 4 plugins.
Preloading 0 native plugins for Editor in 0.00 ms.
Mono: successfully reloaded assembly
- Completed reload, in  1.748 seconds
Domain Reload Profiling:
	ReloadAssembly (1749ms)
		BeginReloadAssembly (174ms)
			ExecutionOrderSort (0ms)
			DisableScriptedObjects (7ms)
			BackupInstance (0ms)
			ReleaseScriptingObjects (0ms)
			CreateAndSetChildDomain (57ms)
		EndReloadAssembly (1412ms)
			LoadAssemblies (124ms)
			RebuildTransferFunctionScriptingTraits (0ms)
			SetupTypeCache (398ms)
				TypeCache.Initialize (382ms)
					TypeCache.ScanAssembly (373ms)
				ResolveRequiredComponents (16ms)
			ReleaseScriptCaches (2ms)
			RebuildScriptCaches (79ms)
			SetupLoadedEditorAssemblies (698ms)
				LogAssemblyErrors (0ms)
				InitializePlatformSupportModulesInManaged (25ms)
				SetLoadedEditorAssemblies (9ms)
				RefreshPlugins (2ms)
				BeforeProcessingInitializeOnLoad (148ms)
				ProcessInitializeOnLoadAttributes (386ms)
				ProcessInitializeOnLoadMethodAttributes (118ms)
				AfterProcessingInitializeOnLoad (10ms)
				EditorAssembliesLoaded (0ms)
			ExecutionOrderSort2 (0ms)
			AwakeInstancesAfterBackupRestoration (16ms)
Platform modules already initialized, skipping
Refreshing native plugins compatible for Editor in 5.27 ms, found 4 plugins.
Preloading 0 native plugins for Editor in 0.00 ms.
Unloading 5781 Unused Serialized files (Serialized files now loaded: 0)
Unloading 28 unused Assets / (309.8 KB). Loaded Objects now: 6398.
Memory consumption went from 0.89 GB to 0.89 GB.
Total: 6.460300 ms (FindLiveObjects: 0.567100 ms CreateObjectMapping: 0.635000 ms MarkObjects: 5.122700 ms  DeleteObjects: 0.133900 ms)

AssetImportParameters requested are different than current active one (requested -> active):
  custom:video-decoder-ogg-theora: a1e56fd34408186e4bbccfd4996cb3dc -> 
  custom:container-muxer-webm: aa71ff27fc2769a1b78a27578f13a17b -> 
  custom:container-demuxer-webm: 4f35f7cbe854078d1ac9338744f61a02 -> 
  custom:video-encoder-webm-vp8: eb34c28f22e8b96e1ab97ce403110664 -> 
  custom:video-codec-MediaFoundation-h265: 746d11721c4dcdbdad8f713fa42b33f4 -> 
  custom:audio-encoder-webm-vorbis: bf7c407c2cedff20999df2af8eb42d56 -> 
  custom:framework-win-MediaFoundation: 216162199b28c13a410421893ffa2e32 -> 
  custom:container-demuxer-ogg: 62fdf1f143b41e24485cea50d1cbac27 -> 
  custom:video-decoder-webm-vp8: 9c59270c3fd7afecdb556c50c9e8de78 -> 
  custom:audio-decoder-ogg-vorbis: bf7c407c2cedff20999df2af8eb42d56 -> 
========================================================================
Received Import Request.
  Time since last request: 810.621693 seconds.
  path: Assets/Prefab/UI/Button.prefab
  artifactKey: Guid(46f25cc3e9716d341913fce8f75ba5f6) Importer(815301076,1909f56bfc062723c751e8b465ee728b)
Start importing Assets/Prefab/UI/Button.prefab using Guid(46f25cc3e9716d341913fce8f75ba5f6) Importer(815301076,1909f56bfc062723c751e8b465ee728b)  -> (artifact id: '57b16b7f6967aa7094009143d9818a96') in 0.109312 seconds 
========================================================================
Received Import Request.
  Time since last request: 1.242290 seconds.
  path: Assets/Prefab/UI/Button.prefab
  artifactKey: Guid(46f25cc3e9716d341913fce8f75ba5f6) Importer(815301076,1909f56bfc062723c751e8b465ee728b)
Start importing Assets/Prefab/UI/Button.prefab using Guid(46f25cc3e9716d341913fce8f75ba5f6) Importer(815301076,1909f56bfc062723c751e8b465ee728b)  -> (artifact id: '5703f67edcc997df7b323221a3abccb2') in 0.023094 seconds 
========================================================================
Received Import Request.
  Time since last request: 4.399888 seconds.
  path: Assets/Prefab/UI/Button.prefab
  artifactKey: Guid(46f25cc3e9716d341913fce8f75ba5f6) Importer(815301076,1909f56bfc062723c751e8b465ee728b)
Start importing Assets/Prefab/UI/Button.prefab using Guid(46f25cc3e9716d341913fce8f75ba5f6) Importer(815301076,1909f56bfc062723c751e8b465ee728b)  -> (artifact id: 'a245ffcb437c85d239456ae73814be4a') in 0.026474 seconds 
========================================================================
Received Import Request.
  Time since last request: 4.413131 seconds.
  path: Assets/Prefab/UI/Button.prefab
  artifactKey: Guid(46f25cc3e9716d341913fce8f75ba5f6) Importer(815301076,1909f56bfc062723c751e8b465ee728b)
Start importing Assets/Prefab/UI/Button.prefab using Guid(46f25cc3e9716d341913fce8f75ba5f6) Importer(815301076,1909f56bfc062723c751e8b465ee728b)  -> (artifact id: '19182935e2e88c2c625cf1883c721a67') in 0.020371 seconds 
========================================================================
Received Import Request.
  Time since last request: 15.103749 seconds.
  path: Assets/Prefab/UI/Button.prefab
  artifactKey: Guid(46f25cc3e9716d341913fce8f75ba5f6) Importer(815301076,1909f56bfc062723c751e8b465ee728b)
Start importing Assets/Prefab/UI/Button.prefab using Guid(46f25cc3e9716d341913fce8f75ba5f6) Importer(815301076,1909f56bfc062723c751e8b465ee728b)  -> (artifact id: '0eda1a7b02e5d8f08762c30e31c2f69e') in 0.025178 seconds 
========================================================================
Received Import Request.
  Time since last request: 5.057989 seconds.
  path: Assets/Prefab/UI/Button.prefab
  artifactKey: Guid(46f25cc3e9716d341913fce8f75ba5f6) Importer(815301076,1909f56bfc062723c751e8b465ee728b)
Start importing Assets/Prefab/UI/Button.prefab using Guid(46f25cc3e9716d341913fce8f75ba5f6) Importer(815301076,1909f56bfc062723c751e8b465ee728b)  -> (artifact id: 'ed328d674671ea08ad676963a3517a62') in 0.026874 seconds 
========================================================================
Received Import Request.
  Time since last request: 12.497141 seconds.
  path: Assets/Prefab/UI/Button.prefab
  artifactKey: Guid(46f25cc3e9716d341913fce8f75ba5f6) Importer(815301076,1909f56bfc062723c751e8b465ee728b)
Start importing Assets/Prefab/UI/Button.prefab using Guid(46f25cc3e9716d341913fce8f75ba5f6) Importer(815301076,1909f56bfc062723c751e8b465ee728b)  -> (artifact id: '7a53b860e0750af463573a1bd67f9a7e') in 0.026990 seconds 
========================================================================
Received Import Request.
  Time since last request: 3.397566 seconds.
  path: Assets/Prefab/UI/Button.prefab
  artifactKey: Guid(46f25cc3e9716d341913fce8f75ba5f6) Importer(815301076,1909f56bfc062723c751e8b465ee728b)
Start importing Assets/Prefab/UI/Button.prefab using Guid(46f25cc3e9716d341913fce8f75ba5f6) Importer(815301076,1909f56bfc062723c751e8b465ee728b)  -> (artifact id: 'e5cb930e0503069e88e7bcfb16b97c90') in 0.028206 seconds 
========================================================================
Received Prepare
Registering precompiled user dll's ...
Registered in 0.011611 seconds.
Begin MonoManager ReloadAssembly
Native extension for UWP target not found
Native extension for WindowsStandalone target not found
Native extension for OSXStandalone target not found
Native extension for WebGL target not found
Refreshing native plugins compatible for Editor in 1.39 ms, found 4 plugins.
Preloading 0 native plugins for Editor in 0.00 ms.
Mono: successfully reloaded assembly
- Completed reload, in  1.715 seconds
Domain Reload Profiling:
	ReloadAssembly (1716ms)
		BeginReloadAssembly (219ms)
			ExecutionOrderSort (0ms)
			DisableScriptedObjects (10ms)
			BackupInstance (0ms)
			ReleaseScriptingObjects (0ms)
			CreateAndSetChildDomain (74ms)
		EndReloadAssembly (1378ms)
			LoadAssemblies (130ms)
			RebuildTransferFunctionScriptingTraits (0ms)
			SetupTypeCache (424ms)
				TypeCache.Initialize (406ms)
					TypeCache.ScanAssembly (396ms)
				ResolveRequiredComponents (18ms)
			ReleaseScriptCaches (3ms)
			RebuildScriptCaches (83ms)
			SetupLoadedEditorAssemblies (627ms)
				LogAssemblyErrors (0ms)
				InitializePlatformSupportModulesInManaged (28ms)
				SetLoadedEditorAssemblies (11ms)
				RefreshPlugins (2ms)
				BeforeProcessingInitializeOnLoad (137ms)
				ProcessInitializeOnLoadAttributes (334ms)
				ProcessInitializeOnLoadMethodAttributes (105ms)
				AfterProcessingInitializeOnLoad (10ms)
				EditorAssembliesLoaded (0ms)
			ExecutionOrderSort2 (0ms)
			AwakeInstancesAfterBackupRestoration (12ms)
Platform modules already initialized, skipping
Refreshing native plugins compatible for Editor in 4.24 ms, found 4 plugins.
Preloading 0 native plugins for Editor in 0.00 ms.
Unloading 5781 Unused Serialized files (Serialized files now loaded: 0)
Unloading 29 unused Assets / (310.7 KB). Loaded Objects now: 6402.
Memory consumption went from 0.89 GB to 0.89 GB.
Total: 6.131000 ms (FindLiveObjects: 0.577100 ms CreateObjectMapping: 0.380200 ms MarkObjects: 5.040000 ms  DeleteObjects: 0.131900 ms)

AssetImportParameters requested are different than current active one (requested -> active):
  custom:video-decoder-ogg-theora: a1e56fd34408186e4bbccfd4996cb3dc -> 
  custom:container-muxer-webm: aa71ff27fc2769a1b78a27578f13a17b -> 
  custom:container-demuxer-webm: 4f35f7cbe854078d1ac9338744f61a02 -> 
  custom:video-encoder-webm-vp8: eb34c28f22e8b96e1ab97ce403110664 -> 
  custom:video-codec-MediaFoundation-h265: 746d11721c4dcdbdad8f713fa42b33f4 -> 
  custom:audio-encoder-webm-vorbis: bf7c407c2cedff20999df2af8eb42d56 -> 
  custom:framework-win-MediaFoundation: 216162199b28c13a410421893ffa2e32 -> 
  custom:container-demuxer-ogg: 62fdf1f143b41e24485cea50d1cbac27 -> 
  custom:video-decoder-webm-vp8: 9c59270c3fd7afecdb556c50c9e8de78 -> 
  custom:audio-decoder-ogg-vorbis: bf7c407c2cedff20999df2af8eb42d56 -> 
========================================================================
Received Prepare
Registering precompiled user dll's ...
Registered in 0.012696 seconds.
Begin MonoManager ReloadAssembly
Native extension for UWP target not found
Native extension for WindowsStandalone target not found
Native extension for OSXStandalone target not found
Native extension for WebGL target not found
Refreshing native plugins compatible for Editor in 1.64 ms, found 4 plugins.
Preloading 0 native plugins for Editor in 0.00 ms.
Mono: successfully reloaded assembly
- Completed reload, in  1.497 seconds
Domain Reload Profiling:
	ReloadAssembly (1498ms)
		BeginReloadAssembly (161ms)
			ExecutionOrderSort (0ms)
			DisableScriptedObjects (8ms)
			BackupInstance (0ms)
			ReleaseScriptingObjects (0ms)
			CreateAndSetChildDomain (51ms)
		EndReloadAssembly (1210ms)
			LoadAssemblies (135ms)
			RebuildTransferFunctionScriptingTraits (0ms)
			SetupTypeCache (327ms)
				TypeCache.Initialize (315ms)
					TypeCache.ScanAssembly (308ms)
				ResolveRequiredComponents (11ms)
			ReleaseScriptCaches (3ms)
			RebuildScriptCaches (70ms)
			SetupLoadedEditorAssemblies (579ms)
				LogAssemblyErrors (0ms)
				InitializePlatformSupportModulesInManaged (23ms)
				SetLoadedEditorAssemblies (9ms)
				RefreshPlugins (2ms)
				BeforeProcessingInitializeOnLoad (109ms)
				ProcessInitializeOnLoadAttributes (325ms)
				ProcessInitializeOnLoadMethodAttributes (99ms)
				AfterProcessingInitializeOnLoad (12ms)
				EditorAssembliesLoaded (0ms)
			ExecutionOrderSort2 (0ms)
			AwakeInstancesAfterBackupRestoration (13ms)
Platform modules already initialized, skipping
Refreshing native plugins compatible for Editor in 4.24 ms, found 4 plugins.
Preloading 0 native plugins for Editor in 0.00 ms.
Unloading 5782 Unused Serialized files (Serialized files now loaded: 0)
Unloading 28 unused Assets / (310.0 KB). Loaded Objects now: 6407.
Memory consumption went from 0.89 GB to 0.89 GB.
Total: 4.540500 ms (FindLiveObjects: 0.603000 ms CreateObjectMapping: 0.417200 ms MarkObjects: 3.412400 ms  DeleteObjects: 0.105800 ms)

AssetImportParameters requested are different than current active one (requested -> active):
  custom:video-decoder-ogg-theora: a1e56fd34408186e4bbccfd4996cb3dc -> 
  custom:container-muxer-webm: aa71ff27fc2769a1b78a27578f13a17b -> 
  custom:container-demuxer-webm: 4f35f7cbe854078d1ac9338744f61a02 -> 
  custom:video-encoder-webm-vp8: eb34c28f22e8b96e1ab97ce403110664 -> 
  custom:video-codec-MediaFoundation-h265: 746d11721c4dcdbdad8f713fa42b33f4 -> 
  custom:audio-encoder-webm-vorbis: bf7c407c2cedff20999df2af8eb42d56 -> 
  custom:framework-win-MediaFoundation: 216162199b28c13a410421893ffa2e32 -> 
  custom:container-demuxer-ogg: 62fdf1f143b41e24485cea50d1cbac27 -> 
  custom:video-decoder-webm-vp8: 9c59270c3fd7afecdb556c50c9e8de78 -> 
  custom:audio-decoder-ogg-vorbis: bf7c407c2cedff20999df2af8eb42d56 -> 
========================================================================
Received Prepare
Registering precompiled user dll's ...
Registered in 0.010350 seconds.
Begin MonoManager ReloadAssembly
Native extension for UWP target not found
Native extension for WindowsStandalone target not found
Native extension for OSXStandalone target not found
Native extension for WebGL target not found
Refreshing native plugins compatible for Editor in 1.09 ms, found 4 plugins.
Preloading 0 native plugins for Editor in 0.00 ms.
Mono: successfully reloaded assembly
- Completed reload, in  1.620 seconds
Domain Reload Profiling:
	ReloadAssembly (1621ms)
		BeginReloadAssembly (181ms)
			ExecutionOrderSort (0ms)
			DisableScriptedObjects (7ms)
			BackupInstance (0ms)
			ReleaseScriptingObjects (0ms)
			CreateAndSetChildDomain (60ms)
		EndReloadAssembly (1302ms)
			LoadAssemblies (150ms)
			RebuildTransferFunctionScriptingTraits (0ms)
			SetupTypeCache (346ms)
				TypeCache.Initialize (333ms)
					TypeCache.ScanAssembly (326ms)
				ResolveRequiredComponents (13ms)
			ReleaseScriptCaches (2ms)
			RebuildScriptCaches (58ms)
			SetupLoadedEditorAssemblies (672ms)
				LogAssemblyErrors (0ms)
				InitializePlatformSupportModulesInManaged (21ms)
				SetLoadedEditorAssemblies (7ms)
				RefreshPlugins (1ms)
				BeforeProcessingInitializeOnLoad (119ms)
				ProcessInitializeOnLoadAttributes (309ms)
				ProcessInitializeOnLoadMethodAttributes (206ms)
				AfterProcessingInitializeOnLoad (9ms)
				EditorAssembliesLoaded (0ms)
			ExecutionOrderSort2 (0ms)
			AwakeInstancesAfterBackupRestoration (11ms)
Platform modules already initialized, skipping
Refreshing native plugins compatible for Editor in 3.23 ms, found 4 plugins.
Preloading 0 native plugins for Editor in 0.00 ms.
Unloading 5782 Unused Serialized files (Serialized files now loaded: 0)
Unloading 28 unused Assets / (310.9 KB). Loaded Objects now: 6411.
Memory consumption went from 0.89 GB to 0.89 GB.
Total: 4.956300 ms (FindLiveObjects: 0.514100 ms CreateObjectMapping: 0.555100 ms MarkObjects: 3.753900 ms  DeleteObjects: 0.131700 ms)

AssetImportParameters requested are different than current active one (requested -> active):
  custom:video-decoder-ogg-theora: a1e56fd34408186e4bbccfd4996cb3dc -> 
  custom:container-muxer-webm: aa71ff27fc2769a1b78a27578f13a17b -> 
  custom:container-demuxer-webm: 4f35f7cbe854078d1ac9338744f61a02 -> 
  custom:video-encoder-webm-vp8: eb34c28f22e8b96e1ab97ce403110664 -> 
  custom:video-codec-MediaFoundation-h265: 746d11721c4dcdbdad8f713fa42b33f4 -> 
  custom:audio-encoder-webm-vorbis: bf7c407c2cedff20999df2af8eb42d56 -> 
  custom:framework-win-MediaFoundation: 216162199b28c13a410421893ffa2e32 -> 
  custom:container-demuxer-ogg: 62fdf1f143b41e24485cea50d1cbac27 -> 
  custom:video-decoder-webm-vp8: 9c59270c3fd7afecdb556c50c9e8de78 -> 
  custom:audio-decoder-ogg-vorbis: bf7c407c2cedff20999df2af8eb42d56 -> 
========================================================================
Received Import Request.
  Time since last request: 378.300046 seconds.
  path: Assets/Scripts/UI/BuildInfo.cs
  artifactKey: Guid(f6e8e0c20f47c1748880bca1c185b264) Importer(815301076,1909f56bfc062723c751e8b465ee728b)
Start importing Assets/Scripts/UI/BuildInfo.cs using Guid(f6e8e0c20f47c1748880bca1c185b264) Importer(815301076,1909f56bfc062723c751e8b465ee728b)  -> (artifact id: 'd0aebb910254cee16ac47e7fd84277d8') in 0.016701 seconds 
========================================================================
Received Prepare
Registering precompiled user dll's ...
Registered in 0.009785 seconds.
Begin MonoManager ReloadAssembly
Native extension for UWP target not found
Native extension for WindowsStandalone target not found
Native extension for OSXStandalone target not found
Native extension for WebGL target not found
Refreshing native plugins compatible for Editor in 1.41 ms, found 4 plugins.
Preloading 0 native plugins for Editor in 0.00 ms.
Mono: successfully reloaded assembly
- Completed reload, in  1.672 seconds
Domain Reload Profiling:
	ReloadAssembly (1673ms)
		BeginReloadAssembly (164ms)
			ExecutionOrderSort (0ms)
			DisableScriptedObjects (6ms)
			BackupInstance (0ms)
			ReleaseScriptingObjects (0ms)
			CreateAndSetChildDomain (52ms)
		EndReloadAssembly (1372ms)
			LoadAssemblies (121ms)
			RebuildTransferFunctionScriptingTraits (0ms)
			SetupTypeCache (408ms)
				TypeCache.Initialize (395ms)
					TypeCache.ScanAssembly (386ms)
				ResolveRequiredComponents (13ms)
			ReleaseScriptCaches (4ms)
			RebuildScriptCaches (122ms)
			SetupLoadedEditorAssemblies (626ms)
				LogAssemblyErrors (0ms)
				InitializePlatformSupportModulesInManaged (27ms)
				SetLoadedEditorAssemblies (10ms)
				RefreshPlugins (1ms)
				BeforeProcessingInitializeOnLoad (120ms)
				ProcessInitializeOnLoadAttributes (361ms)
				ProcessInitializeOnLoadMethodAttributes (97ms)
				AfterProcessingInitializeOnLoad (9ms)
				EditorAssembliesLoaded (0ms)
			ExecutionOrderSort2 (0ms)
			AwakeInstancesAfterBackupRestoration (11ms)
Platform modules already initialized, skipping
Refreshing native plugins compatible for Editor in 5.40 ms, found 4 plugins.
Preloading 0 native plugins for Editor in 0.00 ms.
Unloading 5782 Unused Serialized files (Serialized files now loaded: 0)
Unloading 28 unused Assets / (309.8 KB). Loaded Objects now: 6415.
Memory consumption went from 0.89 GB to 0.89 GB.
Total: 8.194700 ms (FindLiveObjects: 0.550500 ms CreateObjectMapping: 0.390700 ms MarkObjects: 7.074200 ms  DeleteObjects: 0.177400 ms)

AssetImportParameters requested are different than current active one (requested -> active):
  custom:video-decoder-ogg-theora: a1e56fd34408186e4bbccfd4996cb3dc -> 
  custom:container-muxer-webm: aa71ff27fc2769a1b78a27578f13a17b -> 
  custom:container-demuxer-webm: 4f35f7cbe854078d1ac9338744f61a02 -> 
  custom:video-encoder-webm-vp8: eb34c28f22e8b96e1ab97ce403110664 -> 
  custom:video-codec-MediaFoundation-h265: 746d11721c4dcdbdad8f713fa42b33f4 -> 
  custom:audio-encoder-webm-vorbis: bf7c407c2cedff20999df2af8eb42d56 -> 
  custom:framework-win-MediaFoundation: 216162199b28c13a410421893ffa2e32 -> 
  custom:container-demuxer-ogg: 62fdf1f143b41e24485cea50d1cbac27 -> 
  custom:video-decoder-webm-vp8: 9c59270c3fd7afecdb556c50c9e8de78 -> 
  custom:audio-decoder-ogg-vorbis: bf7c407c2cedff20999df2af8eb42d56 -> 
========================================================================
Received Prepare
Registering precompiled user dll's ...
Registered in 0.008438 seconds.
Begin MonoManager ReloadAssembly
Native extension for UWP target not found
Native extension for WindowsStandalone target not found
Native extension for OSXStandalone target not found
Native extension for WebGL target not found
Refreshing native plugins compatible for Editor in 1.68 ms, found 4 plugins.
Preloading 0 native plugins for Editor in 0.00 ms.
Mono: successfully reloaded assembly
- Completed reload, in  1.769 seconds
Domain Reload Profiling:
	ReloadAssembly (1770ms)
		BeginReloadAssembly (191ms)
			ExecutionOrderSort (0ms)
			DisableScriptedObjects (8ms)
			BackupInstance (0ms)
			ReleaseScriptingObjects (0ms)
			CreateAndSetChildDomain (55ms)
		EndReloadAssembly (1453ms)
			LoadAssemblies (133ms)
			RebuildTransferFunctionScriptingTraits (0ms)
			SetupTypeCache (430ms)
				TypeCache.Initialize (414ms)
					TypeCache.ScanAssembly (405ms)
				ResolveRequiredComponents (16ms)
			ReleaseScriptCaches (2ms)
			RebuildScriptCaches (69ms)
			SetupLoadedEditorAssemblies (734ms)
				LogAssemblyErrors (0ms)
				InitializePlatformSupportModulesInManaged (26ms)
				SetLoadedEditorAssemblies (8ms)
				RefreshPlugins (2ms)
				BeforeProcessingInitializeOnLoad (139ms)
				ProcessInitializeOnLoadAttributes (431ms)
				ProcessInitializeOnLoadMethodAttributes (117ms)
				AfterProcessingInitializeOnLoad (11ms)
				EditorAssembliesLoaded (0ms)
			ExecutionOrderSort2 (0ms)
			AwakeInstancesAfterBackupRestoration (13ms)
Platform modules already initialized, skipping
Refreshing native plugins compatible for Editor in 3.94 ms, found 4 plugins.
Preloading 0 native plugins for Editor in 0.00 ms.
Unloading 5782 Unused Serialized files (Serialized files now loaded: 0)
Unloading 28 unused Assets / (309.8 KB). Loaded Objects now: 6419.
Memory consumption went from 0.89 GB to 0.89 GB.
Total: 5.649100 ms (FindLiveObjects: 0.794600 ms CreateObjectMapping: 0.658600 ms MarkObjects: 4.033000 ms  DeleteObjects: 0.160900 ms)

AssetImportParameters requested are different than current active one (requested -> active):
  custom:video-decoder-ogg-theora: a1e56fd34408186e4bbccfd4996cb3dc -> 
  custom:container-muxer-webm: aa71ff27fc2769a1b78a27578f13a17b -> 
  custom:container-demuxer-webm: 4f35f7cbe854078d1ac9338744f61a02 -> 
  custom:video-encoder-webm-vp8: eb34c28f22e8b96e1ab97ce403110664 -> 
  custom:video-codec-MediaFoundation-h265: 746d11721c4dcdbdad8f713fa42b33f4 -> 
  custom:audio-encoder-webm-vorbis: bf7c407c2cedff20999df2af8eb42d56 -> 
  custom:framework-win-MediaFoundation: 216162199b28c13a410421893ffa2e32 -> 
  custom:container-demuxer-ogg: 62fdf1f143b41e24485cea50d1cbac27 -> 
  custom:video-decoder-webm-vp8: 9c59270c3fd7afecdb556c50c9e8de78 -> 
  custom:audio-decoder-ogg-vorbis: bf7c407c2cedff20999df2af8eb42d56 -> 
========================================================================
Received Import Request.
  Time since last request: 2104.182957 seconds.
  path: Assets/Sprites/Raw/rpg tileset/tileset regular.png
  artifactKey: Guid(664b014f97f134140bfadd37754a7297) Importer(815301076,1909f56bfc062723c751e8b465ee728b)
Start importing Assets/Sprites/Raw/rpg tileset/tileset regular.png using Guid(664b014f97f134140bfadd37754a7297) Importer(815301076,1909f56bfc062723c751e8b465ee728b)  -> (artifact id: '4c2f3959f89f76999e68f224b82b6db3') in 0.155488 seconds 
========================================================================
Received Import Request.
  Time since last request: 23.412877 seconds.
  path: Assets/Sprites/Raw/rpg tileset/tileset regular.png
  artifactKey: Guid(664b014f97f134140bfadd37754a7297) Importer(815301076,1909f56bfc062723c751e8b465ee728b)
Start importing Assets/Sprites/Raw/rpg tileset/tileset regular.png using Guid(664b014f97f134140bfadd37754a7297) Importer(815301076,1909f56bfc062723c751e8b465ee728b)  -> (artifact id: '4df86106d42e7d1bfe0339e1e9c8c1b2') in 0.021423 seconds 
========================================================================
Received Import Request.
  Time since last request: 1077.853610 seconds.
  path: Assets/Sprites/TileMaps/Palettes/RPG Static Tileset/tileset regular_1.asset
  artifactKey: Guid(b54389d4955e9af4da3246847fdc6f73) Importer(815301076,1909f56bfc062723c751e8b465ee728b)
Start importing Assets/Sprites/TileMaps/Palettes/RPG Static Tileset/tileset regular_1.asset using Guid(b54389d4955e9af4da3246847fdc6f73) Importer(815301076,1909f56bfc062723c751e8b465ee728b)  -> (artifact id: 'dc9abf544fcfdcbdf69883e6f5c4a49f') in 0.070851 seconds 
========================================================================
Received Import Request.
  Time since last request: 0.000131 seconds.
  path: Assets/Sprites/TileMaps/Palettes/RPG Static Tileset/tileset regular_53.asset
  artifactKey: Guid(77fd422dd7880e641a980c735b8eb7f0) Importer(815301076,1909f56bfc062723c751e8b465ee728b)
Start importing Assets/Sprites/TileMaps/Palettes/RPG Static Tileset/tileset regular_53.asset using Guid(77fd422dd7880e641a980c735b8eb7f0) Importer(815301076,1909f56bfc062723c751e8b465ee728b)  -> (artifact id: 'fa93d8ea673dea662c1aaeca7b3a366f') in 0.024050 seconds 
========================================================================
Received Import Request.
  Time since last request: 0.000030 seconds.
  path: Assets/Sprites/TileMaps/Palettes/RPG Static Tileset/tileset regular_10.asset
  artifactKey: Guid(54e0c505dd8dc5942a7940b6817eb49f) Importer(815301076,1909f56bfc062723c751e8b465ee728b)
Start importing Assets/Sprites/TileMaps/Palettes/RPG Static Tileset/tileset regular_10.asset using Guid(54e0c505dd8dc5942a7940b6817eb49f) Importer(815301076,1909f56bfc062723c751e8b465ee728b)  -> (artifact id: 'a226d794326691cbc7776cb94f18113d') in 0.021398 seconds 
========================================================================
Received Import Request.
  Time since last request: 0.000031 seconds.
  path: Assets/Sprites/TileMaps/Palettes/RPG Static Tileset/tileset regular_51.asset
  artifactKey: Guid(7fd5206d59844614eba70f46014a0e31) Importer(815301076,1909f56bfc062723c751e8b465ee728b)
Start importing Assets/Sprites/TileMaps/Palettes/RPG Static Tileset/tileset regular_51.asset using Guid(7fd5206d59844614eba70f46014a0e31) Importer(815301076,1909f56bfc062723c751e8b465ee728b)  -> (artifact id: 'ded98680146f4ebbd1a5758c178675ad') in 0.020359 seconds 
========================================================================
Received Import Request.
  Time since last request: 0.000053 seconds.
  path: Assets/Sprites/TileMaps/Palettes/RPG Static Tileset/tileset regular_62.asset
  artifactKey: Guid(65e9a8a18b7c8db4fb1cbf03e503e3e3) Importer(815301076,1909f56bfc062723c751e8b465ee728b)
Start importing Assets/Sprites/TileMaps/Palettes/RPG Static Tileset/tileset regular_62.asset using Guid(65e9a8a18b7c8db4fb1cbf03e503e3e3) Importer(815301076,1909f56bfc062723c751e8b465ee728b)  -> (artifact id: '5a8d6bc366beb0eca91e768107d3285c') in 0.018297 seconds 
========================================================================
Received Import Request.
  Time since last request: 0.000046 seconds.
  path: Assets/Sprites/TileMaps/Palettes/RPG Static Tileset/tileset regular_43.asset
  artifactKey: Guid(7c8c4d6947224c54f9e7da467494b555) Importer(815301076,1909f56bfc062723c751e8b465ee728b)
Start importing Assets/Sprites/TileMaps/Palettes/RPG Static Tileset/tileset regular_43.asset using Guid(7c8c4d6947224c54f9e7da467494b555) Importer(815301076,1909f56bfc062723c751e8b465ee728b)  -> (artifact id: '0401787627861607d5ef4892efd70089') in 0.018836 seconds 
========================================================================
Received Import Request.
  Time since last request: 0.000044 seconds.
  path: Assets/Sprites/TileMaps/Palettes/RPG Static Tileset/tileset regular_49.asset
  artifactKey: Guid(aa617b53bd2f776488726ffb4321f013) Importer(815301076,1909f56bfc062723c751e8b465ee728b)
Start importing Assets/Sprites/TileMaps/Palettes/RPG Static Tileset/tileset regular_49.asset using Guid(aa617b53bd2f776488726ffb4321f013) Importer(815301076,1909f56bfc062723c751e8b465ee728b)  -> (artifact id: 'fd11713b5554b238f38a43f1f336835f') in 0.020591 seconds 
========================================================================
Received Import Request.
  Time since last request: 0.000043 seconds.
  path: Assets/Sprites/TileMaps/Palettes/RPG Static Tileset/tileset regular_6.asset
  artifactKey: Guid(1ca1a1176f272564680f7920d4c97f97) Importer(815301076,1909f56bfc062723c751e8b465ee728b)
Start importing Assets/Sprites/TileMaps/Palettes/RPG Static Tileset/tileset regular_6.asset using Guid(1ca1a1176f272564680f7920d4c97f97) Importer(815301076,1909f56bfc062723c751e8b465ee728b)  -> (artifact id: 'ab0615e10a93149c7fd068f32d4f16ee') in 0.021896 seconds 
========================================================================
Received Import Request.
  Time since last request: 0.000070 seconds.
  path: Assets/Sprites/TileMaps/Palettes/RPG Static Tileset/tileset regular_16.asset
  artifactKey: Guid(f2013b5edfbc3f244a90975eab7aed4e) Importer(815301076,1909f56bfc062723c751e8b465ee728b)
Start importing Assets/Sprites/TileMaps/Palettes/RPG Static Tileset/tileset regular_16.asset using Guid(f2013b5edfbc3f244a90975eab7aed4e) Importer(815301076,1909f56bfc062723c751e8b465ee728b)  -> (artifact id: '406421059558a1801e37141cc462ed2b') in 0.018139 seconds 
========================================================================
Received Import Request.
  Time since last request: 0.000026 seconds.
  path: Assets/Sprites/TileMaps/Palettes/RPG Static Tileset/tileset regular_14.asset
  artifactKey: Guid(9be5a959db6ec774986b972905d6c823) Importer(815301076,1909f56bfc062723c751e8b465ee728b)
Start importing Assets/Sprites/TileMaps/Palettes/RPG Static Tileset/tileset regular_14.asset using Guid(9be5a959db6ec774986b972905d6c823) Importer(815301076,1909f56bfc062723c751e8b465ee728b)  -> (artifact id: '21576cd557dc61ca14930be9702836c1') in 0.020006 seconds 
========================================================================
Received Import Request.
  Time since last request: 0.000028 seconds.
  path: Assets/Sprites/TileMaps/Palettes/RPG Static Tileset/tileset regular_26.asset
  artifactKey: Guid(9b6cd4dce89bf5a42a73fe0e36001087) Importer(815301076,1909f56bfc062723c751e8b465ee728b)
Start importing Assets/Sprites/TileMaps/Palettes/RPG Static Tileset/tileset regular_26.asset using Guid(9b6cd4dce89bf5a42a73fe0e36001087) Importer(815301076,1909f56bfc062723c751e8b465ee728b)  -> (artifact id: 'b138bfdada6f5604c8c9ef49f676aea1') in 0.018293 seconds 
========================================================================
Received Import Request.
  Time since last request: 0.000038 seconds.
  path: Assets/Sprites/TileMaps/Palettes/RPG Static Tileset/tileset regular_25.asset
  artifactKey: Guid(71fe0c4567f5d1f4ca2a6159c3c66667) Importer(815301076,1909f56bfc062723c751e8b465ee728b)
Start importing Assets/Sprites/TileMaps/Palettes/RPG Static Tileset/tileset regular_25.asset using Guid(71fe0c4567f5d1f4ca2a6159c3c66667) Importer(815301076,1909f56bfc062723c751e8b465ee728b)  -> (artifact id: '4f122c41d52b3003314bbce16ca91cd4') in 0.019477 seconds 
========================================================================
Received Import Request.
  Time since last request: 0.000038 seconds.
  path: Assets/Sprites/TileMaps/Palettes/RPG Static Tileset/tileset regular_21.asset
  artifactKey: Guid(696d89573fdb46343800e5b171888188) Importer(815301076,1909f56bfc062723c751e8b465ee728b)
Start importing Assets/Sprites/TileMaps/Palettes/RPG Static Tileset/tileset regular_21.asset using Guid(696d89573fdb46343800e5b171888188) Importer(815301076,1909f56bfc062723c751e8b465ee728b)  -> (artifact id: '5e46d058bff88d862b10b6b7b6565579') in 0.021248 seconds 
========================================================================
Received Import Request.
  Time since last request: 0.000037 seconds.
  path: Assets/Sprites/TileMaps/Palettes/RPG Static Tileset/tileset regular_9.asset
  artifactKey: Guid(80b2b77711587434f9a3bbcc5b67f98d) Importer(815301076,1909f56bfc062723c751e8b465ee728b)
Start importing Assets/Sprites/TileMaps/Palettes/RPG Static Tileset/tileset regular_9.asset using Guid(80b2b77711587434f9a3bbcc5b67f98d) Importer(815301076,1909f56bfc062723c751e8b465ee728b)  -> (artifact id: '41239b15f096d945e1f7344f7fba6cce') in 0.022907 seconds 
========================================================================
Received Import Request.
  Time since last request: 0.000044 seconds.
  path: Assets/Sprites/TileMaps/Palettes/RPG Static Tileset/tileset regular_24.asset
  artifactKey: Guid(457f99ceb82d7fa41ac0cb4953bd9867) Importer(815301076,1909f56bfc062723c751e8b465ee728b)
Start importing Assets/Sprites/TileMaps/Palettes/RPG Static Tileset/tileset regular_24.asset using Guid(457f99ceb82d7fa41ac0cb4953bd9867) Importer(815301076,1909f56bfc062723c751e8b465ee728b)  -> (artifact id: '386bc2b787dbb8eef299e07db60ff101') in 0.024245 seconds 
========================================================================
Received Import Request.
  Time since last request: 0.000025 seconds.
  path: Assets/Sprites/TileMaps/Palettes/RPG Static Tileset/tileset regular_30.asset
  artifactKey: Guid(a3e950c637679a2408dbffcd6a6dc836) Importer(815301076,1909f56bfc062723c751e8b465ee728b)
Start importing Assets/Sprites/TileMaps/Palettes/RPG Static Tileset/tileset regular_30.asset using Guid(a3e950c637679a2408dbffcd6a6dc836) Importer(815301076,1909f56bfc062723c751e8b465ee728b)  -> (artifact id: '86d336ede593328e0013997be77ef08a') in 0.029299 seconds 
========================================================================
Received Import Request.
  Time since last request: 0.000049 seconds.
  path: Assets/Sprites/TileMaps/Palettes/RPG Static Tileset/tileset regular_59.asset
  artifactKey: Guid(5c32b9cd55a561149abb17c1ecd821ca) Importer(815301076,1909f56bfc062723c751e8b465ee728b)
Start importing Assets/Sprites/TileMaps/Palettes/RPG Static Tileset/tileset regular_59.asset using Guid(5c32b9cd55a561149abb17c1ecd821ca) Importer(815301076,1909f56bfc062723c751e8b465ee728b)  -> (artifact id: '540ef310a3f74f985f2786f3c4844cc1') in 0.024607 seconds 
========================================================================
Received Import Request.
  Time since last request: 0.000044 seconds.
  path: Assets/Sprites/TileMaps/Palettes/RPG Static Tileset/tileset regular_45.asset
  artifactKey: Guid(d1da6c0e2214aa2469534ce674db9750) Importer(815301076,1909f56bfc062723c751e8b465ee728b)
Start importing Assets/Sprites/TileMaps/Palettes/RPG Static Tileset/tileset regular_45.asset using Guid(d1da6c0e2214aa2469534ce674db9750) Importer(815301076,1909f56bfc062723c751e8b465ee728b)  -> (artifact id: '8e458843002784535584a5278b7f0d2f') in 0.022613 seconds 
========================================================================
Received Import Request.
  Time since last request: 0.000036 seconds.
  path: Assets/Sprites/TileMaps/Palettes/RPG Static Tileset/tileset regular_39.asset
  artifactKey: Guid(3bcc8f7593cc5c24d8e8315ed8b85489) Importer(815301076,1909f56bfc062723c751e8b465ee728b)
Start importing Assets/Sprites/TileMaps/Palettes/RPG Static Tileset/tileset regular_39.asset using Guid(3bcc8f7593cc5c24d8e8315ed8b85489) Importer(815301076,1909f56bfc062723c751e8b465ee728b)  -> (artifact id: 'db0713ee2816992c5da079d2726b7145') in 0.024703 seconds 
========================================================================
Received Import Request.
  Time since last request: 0.000044 seconds.
  path: Assets/Sprites/TileMaps/Palettes/RPG Static Tileset/tileset regular_3.asset
  artifactKey: Guid(99fe444716b845c4ca255ed131e9296a) Importer(815301076,1909f56bfc062723c751e8b465ee728b)
Start importing Assets/Sprites/TileMaps/Palettes/RPG Static Tileset/tileset regular_3.asset using Guid(99fe444716b845c4ca255ed131e9296a) Importer(815301076,1909f56bfc062723c751e8b465ee728b)  -> (artifact id: '06efe0c4d7adf6c457646b88b1621f1e') in 0.029455 seconds 
========================================================================
Received Import Request.
  Time since last request: 0.000047 seconds.
  path: Assets/Sprites/TileMaps/Palettes/RPG Static Tileset/tileset regular_58.asset
  artifactKey: Guid(64efadb398447f04b9d951c2190def69) Importer(815301076,1909f56bfc062723c751e8b465ee728b)
Start importing Assets/Sprites/TileMaps/Palettes/RPG Static Tileset/tileset regular_58.asset using Guid(64efadb398447f04b9d951c2190def69) Importer(815301076,1909f56bfc062723c751e8b465ee728b)  -> (artifact id: '94b10996cd0e48a8ea2242b39e53ea97') in 0.025681 seconds 
========================================================================
Received Import Request.
  Time since last request: 0.000072 seconds.
  path: Assets/Sprites/TileMaps/Palettes/RPG Static Tileset/tileset regular_33.asset
  artifactKey: Guid(14a746f349c0c0242851cb675e7a866b) Importer(815301076,1909f56bfc062723c751e8b465ee728b)
Start importing Assets/Sprites/TileMaps/Palettes/RPG Static Tileset/tileset regular_33.asset using Guid(14a746f349c0c0242851cb675e7a866b) Importer(815301076,1909f56bfc062723c751e8b465ee728b)  -> (artifact id: '3df738c33d3a840eaa133292bfad1af3') in 0.024183 seconds 
========================================================================
Received Import Request.
  Time since last request: 0.000050 seconds.
  path: Assets/Sprites/TileMaps/Palettes/RPG Static Tileset/tileset regular_35.asset
  artifactKey: Guid(dfaf589a5f2375a49940c0e282cf5d43) Importer(815301076,1909f56bfc062723c751e8b465ee728b)
Start importing Assets/Sprites/TileMaps/Palettes/RPG Static Tileset/tileset regular_35.asset using Guid(dfaf589a5f2375a49940c0e282cf5d43) Importer(815301076,1909f56bfc062723c751e8b465ee728b)  -> (artifact id: '6b0fa60dcf6301736401c5eb982a1814') in 0.022683 seconds 
========================================================================
Received Import Request.
  Time since last request: 0.000046 seconds.
  path: Assets/Sprites/TileMaps/Palettes/RPG Static Tileset/tileset regular_17.asset
  artifactKey: Guid(ce1b281a9e6367d43a9088735c61462e) Importer(815301076,1909f56bfc062723c751e8b465ee728b)
Start importing Assets/Sprites/TileMaps/Palettes/RPG Static Tileset/tileset regular_17.asset using Guid(ce1b281a9e6367d43a9088735c61462e) Importer(815301076,1909f56bfc062723c751e8b465ee728b)  -> (artifact id: '3fd7bd077147e2bd730786cbceeece4c') in 0.021213 seconds 
========================================================================
Received Import Request.
  Time since last request: 0.000050 seconds.
  path: Assets/Sprites/TileMaps/Palettes/RPG Static Tileset/tileset regular_56.asset
  artifactKey: Guid(e953bb9319f308f4ab845ee2950a0ff7) Importer(815301076,1909f56bfc062723c751e8b465ee728b)
Start importing Assets/Sprites/TileMaps/Palettes/RPG Static Tileset/tileset regular_56.asset using Guid(e953bb9319f308f4ab845ee2950a0ff7) Importer(815301076,1909f56bfc062723c751e8b465ee728b)  -> (artifact id: '756455800029c3a92d7f5e543c62f27c') in 0.024175 seconds 
========================================================================
Received Import Request.
  Time since last request: 0.000034 seconds.
  path: Assets/Sprites/TileMaps/Palettes/RPG Static Tileset/tileset regular_27.asset
  artifactKey: Guid(20123bcf31e73ff42abbba2c77488fbe) Importer(815301076,1909f56bfc062723c751e8b465ee728b)
Start importing Assets/Sprites/TileMaps/Palettes/RPG Static Tileset/tileset regular_27.asset using Guid(20123bcf31e73ff42abbba2c77488fbe) Importer(815301076,1909f56bfc062723c751e8b465ee728b)  -> (artifact id: 'bb0116bd951a46fdbaffa29f9f7e4c19') in 0.023422 seconds 
========================================================================
Received Import Request.
  Time since last request: 0.000028 seconds.
  path: Assets/Sprites/TileMaps/Palettes/RPG Static Tileset/tileset regular_64.asset
  artifactKey: Guid(c43d8ad29d3a4734aa449baa13b5a7d8) Importer(815301076,1909f56bfc062723c751e8b465ee728b)
Start importing Assets/Sprites/TileMaps/Palettes/RPG Static Tileset/tileset regular_64.asset using Guid(c43d8ad29d3a4734aa449baa13b5a7d8) Importer(815301076,1909f56bfc062723c751e8b465ee728b)  -> (artifact id: 'aab0fe4ff94a614b88b09a91accc71d0') in 0.019694 seconds 
========================================================================
Received Import Request.
  Time since last request: 0.000036 seconds.
  path: Assets/Sprites/TileMaps/Palettes/RPG Static Tileset/tileset regular_57.asset
  artifactKey: Guid(1cd52fb11e8c25943883698a62fb4060) Importer(815301076,1909f56bfc062723c751e8b465ee728b)
Start importing Assets/Sprites/TileMaps/Palettes/RPG Static Tileset/tileset regular_57.asset using Guid(1cd52fb11e8c25943883698a62fb4060) Importer(815301076,1909f56bfc062723c751e8b465ee728b)  -> (artifact id: 'efe2fb2364c15eb08e898e6d1a1a943d') in 0.018175 seconds 
========================================================================
Received Import Request.
  Time since last request: 0.000048 seconds.
  path: Assets/Sprites/TileMaps/Palettes/RPG Static Tileset/tileset regular_42.asset
  artifactKey: Guid(12a7df723fe3da7448991adfabdd887f) Importer(815301076,1909f56bfc062723c751e8b465ee728b)
Start importing Assets/Sprites/TileMaps/Palettes/RPG Static Tileset/tileset regular_42.asset using Guid(12a7df723fe3da7448991adfabdd887f) Importer(815301076,1909f56bfc062723c751e8b465ee728b)  -> (artifact id: '68f053027d8577439d5253c20049a41e') in 0.020461 seconds 
========================================================================
Received Import Request.
  Time since last request: 0.000060 seconds.
  path: Assets/Sprites/TileMaps/Palettes/RPG Static Tileset/tileset regular_20.asset
  artifactKey: Guid(858588ca764c3f741a14671ecfcf62ec) Importer(815301076,1909f56bfc062723c751e8b465ee728b)
Start importing Assets/Sprites/TileMaps/Palettes/RPG Static Tileset/tileset regular_20.asset using Guid(858588ca764c3f741a14671ecfcf62ec) Importer(815301076,1909f56bfc062723c751e8b465ee728b)  -> (artifact id: '413bcb3e4019c376e6e43592c7eb704b') in 0.026597 seconds 
========================================================================
Received Import Request.
  Time since last request: 0.000039 seconds.
  path: Assets/Sprites/TileMaps/Palettes/RPG Static Tileset/tileset regular_2.asset
  artifactKey: Guid(f11d32487f59dc6419e22d684fa4d282) Importer(815301076,1909f56bfc062723c751e8b465ee728b)
Start importing Assets/Sprites/TileMaps/Palettes/RPG Static Tileset/tileset regular_2.asset using Guid(f11d32487f59dc6419e22d684fa4d282) Importer(815301076,1909f56bfc062723c751e8b465ee728b)  -> (artifact id: '7fdc624a0f727307511aedc25ceb190a') in 0.025510 seconds 
========================================================================
Received Import Request.
  Time since last request: 0.000038 seconds.
  path: Assets/Sprites/TileMaps/Palettes/RPG Static Tileset/tileset regular_19.asset
  artifactKey: Guid(c0cd694251b96fe458890534a97d13ec) Importer(815301076,1909f56bfc062723c751e8b465ee728b)
Start importing Assets/Sprites/TileMaps/Palettes/RPG Static Tileset/tileset regular_19.asset using Guid(c0cd694251b96fe458890534a97d13ec) Importer(815301076,1909f56bfc062723c751e8b465ee728b)  -> (artifact id: '8a6ff3f893880ed5b1c74a089bdf2eff') in 0.025949 seconds 
========================================================================
Received Import Request.
  Time since last request: 0.000059 seconds.
  path: Assets/Sprites/TileMaps/Palettes/RPG Static Tileset/tileset regular_29.asset
  artifactKey: Guid(b9ca9dec6e23bf649b22e975850adb0a) Importer(815301076,1909f56bfc062723c751e8b465ee728b)
Start importing Assets/Sprites/TileMaps/Palettes/RPG Static Tileset/tileset regular_29.asset using Guid(b9ca9dec6e23bf649b22e975850adb0a) Importer(815301076,1909f56bfc062723c751e8b465ee728b)  -> (artifact id: '17fa8290e5440c1c2a03f6d658b4ec31') in 0.023770 seconds 
Editor requested this worker to shutdown with reason: Scaling down because of idle timeout
AssetImportWorker is now disconnected from the server
Process exiting
Exiting without the bug reporter. Application will terminate with return code 0