Using pre-set license
Built from '2022.1/staging' branch; Version is '2022.1.7f1 (240f4c1f462c) revision 2363212'; Using compiler version '192829333'; Build Type 'Release'
OS: 'Windows 10  (10.0.19044) 64bit Core' Language: 'en' Physical Memory: 15789 MB
BatchMode: 1, IsHumanControllingUs: 0, StartBugReporterOnCrash: 0, Is64bit: 1, IsPro: 1

COMMAND LINE ARGUMENTS:
C:\Program Files\Unity\Hub\Editor\2022.1.7f1\Editor\Unity.exe
-adb2
-batchMode
-noUpm
-name
AssetImportWorker2
-projectPath
C:/Users/Digx7/Desktop/Files/Work/Git_Repos/LOWREZ_Jam_2022/LOWREZ Jam 2022
-logFile
Logs/AssetImportWorker2.log
-srvPort
51548
Successfully changed project path to: C:/Users/Digx7/Desktop/Files/Work/Git_Repos/LOWREZ_Jam_2022/LOWREZ Jam 2022
C:/Users/Digx7/Desktop/Files/Work/Git_Repos/LOWREZ_Jam_2022/LOWREZ Jam 2022
[UnityMemory] Configuration Parameters - Can be set up in boot.config
    "memorysetup-bucket-allocator-granularity=16"
    "memorysetup-bucket-allocator-bucket-count=8"
    "memorysetup-bucket-allocator-block-size=33554432"
    "memorysetup-bucket-allocator-block-count=8"
    "memorysetup-main-allocator-block-size=16777216"
    "memorysetup-thread-allocator-block-size=16777216"
    "memorysetup-gfx-main-allocator-block-size=16777216"
    "memorysetup-gfx-thread-allocator-block-size=16777216"
    "memorysetup-cache-allocator-block-size=4194304"
    "memorysetup-typetree-allocator-block-size=2097152"
    "memorysetup-profiler-bucket-allocator-granularity=16"
    "memorysetup-profiler-bucket-allocator-bucket-count=8"
    "memorysetup-profiler-bucket-allocator-block-size=33554432"
    "memorysetup-profiler-bucket-allocator-block-count=8"
    "memorysetup-profiler-allocator-block-size=16777216"
    "memorysetup-profiler-editor-allocator-block-size=1048576"
    "memorysetup-temp-allocator-size-main=16777216"
    "memorysetup-job-temp-allocator-block-size=2097152"
    "memorysetup-job-temp-allocator-block-size-background=1048576"
    "memorysetup-job-temp-allocator-reduction-small-platforms=262144"
    "memorysetup-temp-allocator-size-background-worker=32768"
    "memorysetup-temp-allocator-size-job-worker=262144"
    "memorysetup-temp-allocator-size-preload-manager=33554432"
    "memorysetup-temp-allocator-size-nav-mesh-worker=65536"
    "memorysetup-temp-allocator-size-audio-worker=65536"
    "memorysetup-temp-allocator-size-cloud-worker=32768"
    "memorysetup-temp-allocator-size-gi-baking-worker=262144"
    "memorysetup-temp-allocator-size-gfx=262144"
Refreshing native plugins compatible for Editor in 194.35 ms, found 4 plugins.
Preloading 0 native plugins for Editor in 0.00 ms.
Initialize engine version: 2022.1.7f1 (240f4c1f462c)
[Subsystems] Discovering subsystems at path C:/Program Files/Unity/Hub/Editor/2022.1.7f1/Editor/Data/Resources/UnitySubsystems
[Subsystems] Discovering subsystems at path C:/Users/Digx7/Desktop/Files/Work/Git_Repos/LOWREZ_Jam_2022/LOWREZ Jam 2022/Assets
GfxDevice: creating device client; threaded=0; jobified=0
Direct3D:
    Version:  Direct3D 11.0 [level 11.1]
    Renderer: NVIDIA GeForce RTX 2060 with Max-Q Design (ID=0x1f12)
    Vendor:   NVIDIA
    VRAM:     5980 MB
    Driver:   30.0.15.1278
Initialize mono
Mono path[0] = 'C:/Program Files/Unity/Hub/Editor/2022.1.7f1/Editor/Data/Managed'
Mono path[1] = 'C:/Program Files/Unity/Hub/Editor/2022.1.7f1/Editor/Data/MonoBleedingEdge/lib/mono/unityjit-win32'
Mono config path = 'C:/Program Files/Unity/Hub/Editor/2022.1.7f1/Editor/Data/MonoBleedingEdge/etc'
Using monoOptions --debugger-agent=transport=dt_socket,embedding=1,server=y,suspend=n,address=127.0.0.1:56940
Begin MonoManager ReloadAssembly
Registering precompiled unity dll's ...
Register platform support module: C:/Program Files/Unity/Hub/Editor/2022.1.7f1/Editor/Data/PlaybackEngines/WebGLSupport/UnityEditor.WebGL.Extensions.dll
Register platform support module: C:/Program Files/Unity/Hub/Editor/2022.1.7f1/Editor/Data/PlaybackEngines/MacStandaloneSupport/UnityEditor.OSXStandalone.Extensions.dll
Register platform support module: C:/Program Files/Unity/Hub/Editor/2022.1.7f1/Editor/Data/PlaybackEngines/WindowsStandaloneSupport/UnityEditor.WindowsStandalone.Extensions.dll
Register platform support module: C:/Program Files/Unity/Hub/Editor/2022.1.7f1/Editor/Data/PlaybackEngines/MetroSupport/UnityEditor.UWP.Extensions.dll
Registered in 0.013911 seconds.
Native extension for UWP target not found
Native extension for WindowsStandalone target not found
Native extension for OSXStandalone target not found
Native extension for WebGL target not found
Refreshing native plugins compatible for Editor in 159.79 ms, found 4 plugins.
Preloading 0 native plugins for Editor in 0.00 ms.
Mono: successfully reloaded assembly
- Completed reload, in  0.932 seconds
Domain Reload Profiling:
	ReloadAssembly (933ms)
		BeginReloadAssembly (116ms)
			ExecutionOrderSort (0ms)
			DisableScriptedObjects (0ms)
			BackupInstance (0ms)
			ReleaseScriptingObjects (0ms)
			CreateAndSetChildDomain (1ms)
		EndReloadAssembly (680ms)
			LoadAssemblies (113ms)
			RebuildTransferFunctionScriptingTraits (0ms)
			SetupTypeCache (170ms)
				TypeCache.Initialize (170ms)
					TypeCache.ScanAssembly (168ms)
				ResolveRequiredComponents (1ms)
			ReleaseScriptCaches (0ms)
			RebuildScriptCaches (32ms)
			SetupLoadedEditorAssemblies (410ms)
				LogAssemblyErrors (0ms)
				InitializePlatformSupportModulesInManaged (17ms)
				SetLoadedEditorAssemblies (8ms)
				RefreshPlugins (160ms)
				BeforeProcessingInitializeOnLoad (2ms)
				ProcessInitializeOnLoadAttributes (170ms)
				ProcessInitializeOnLoadMethodAttributes (53ms)
				AfterProcessingInitializeOnLoad (0ms)
				EditorAssembliesLoaded (0ms)
			ExecutionOrderSort2 (0ms)
			AwakeInstancesAfterBackupRestoration (0ms)
Platform modules already initialized, skipping
Registering precompiled user dll's ...
Registered in 0.013189 seconds.
Begin MonoManager ReloadAssembly
Native extension for UWP target not found
Native extension for WindowsStandalone target not found
Native extension for OSXStandalone target not found
Native extension for WebGL target not found
Refreshing native plugins compatible for Editor in 145.76 ms, found 4 plugins.
Preloading 0 native plugins for Editor in 0.00 ms.
Mono: successfully reloaded assembly
- Completed reload, in  1.989 seconds
Domain Reload Profiling:
	ReloadAssembly (1990ms)
		BeginReloadAssembly (194ms)
			ExecutionOrderSort (0ms)
			DisableScriptedObjects (8ms)
			BackupInstance (0ms)
			ReleaseScriptingObjects (0ms)
			CreateAndSetChildDomain (32ms)
		EndReloadAssembly (1610ms)
			LoadAssemblies (158ms)
			RebuildTransferFunctionScriptingTraits (0ms)
			SetupTypeCache (418ms)
				TypeCache.Initialize (403ms)
					TypeCache.ScanAssembly (397ms)
				ResolveRequiredComponents (15ms)
			ReleaseScriptCaches (2ms)
			RebuildScriptCaches (90ms)
			SetupLoadedEditorAssemblies (889ms)
				LogAssemblyErrors (0ms)
				InitializePlatformSupportModulesInManaged (18ms)
				SetLoadedEditorAssemblies (9ms)
				RefreshPlugins (146ms)
				BeforeProcessingInitializeOnLoad (166ms)
				ProcessInitializeOnLoadAttributes (419ms)
				ProcessInitializeOnLoadMethodAttributes (122ms)
				AfterProcessingInitializeOnLoad (9ms)
				EditorAssembliesLoaded (0ms)
			ExecutionOrderSort2 (0ms)
			AwakeInstancesAfterBackupRestoration (6ms)
Platform modules already initialized, skipping
========================================================================
Worker process is ready to serve import requests
Launched and connected shader compiler UnityShaderCompiler.exe after 0.10 seconds
Refreshing native plugins compatible for Editor in 1.14 ms, found 4 plugins.
Preloading 0 native plugins for Editor in 0.00 ms.
Unloading 5936 Unused Serialized files (Serialized files now loaded: 0)
Unloading 43 unused Assets / (347.0 KB). Loaded Objects now: 6393.
Memory consumption went from 0.92 GB to 0.92 GB.
Total: 4.731800 ms (FindLiveObjects: 0.524100 ms CreateObjectMapping: 0.363100 ms MarkObjects: 3.649700 ms  DeleteObjects: 0.193500 ms)

AssetImportParameters requested are different than current active one (requested -> active):
  custom:video-decoder-ogg-theora: a1e56fd34408186e4bbccfd4996cb3dc -> 
  custom:container-muxer-webm: aa71ff27fc2769a1b78a27578f13a17b -> 
  custom:container-demuxer-webm: 4f35f7cbe854078d1ac9338744f61a02 -> 
  custom:video-encoder-webm-vp8: eb34c28f22e8b96e1ab97ce403110664 -> 
  custom:video-codec-MediaFoundation-h265: 746d11721c4dcdbdad8f713fa42b33f4 -> 
  custom:audio-encoder-webm-vorbis: bf7c407c2cedff20999df2af8eb42d56 -> 
  custom:framework-win-MediaFoundation: 216162199b28c13a410421893ffa2e32 -> 
  custom:container-demuxer-ogg: 62fdf1f143b41e24485cea50d1cbac27 -> 
  custom:video-decoder-webm-vp8: 9c59270c3fd7afecdb556c50c9e8de78 -> 
  custom:audio-decoder-ogg-vorbis: bf7c407c2cedff20999df2af8eb42d56 -> 
========================================================================
Received Import Request.
  Time since last request: 34494.181369 seconds.
  path: Assets/Prefab/Managers
  artifactKey: Guid(88ca8b682bb7f304581c6047a015b24f) Importer(815301076,1909f56bfc062723c751e8b465ee728b)
Start importing Assets/Prefab/Managers using Guid(88ca8b682bb7f304581c6047a015b24f) Importer(815301076,1909f56bfc062723c751e8b465ee728b)  -> (artifact id: '06e53a554422128143272802ab0a786c') in 0.022062 seconds 
========================================================================
Received Import Request.
  Time since last request: 5.059126 seconds.
  path: Assets/Prefab/Managers/SFX_Manager.prefab
  artifactKey: Guid(bae353aac74e6a24f913eeea0ecb67ff) Importer(815301076,1909f56bfc062723c751e8b465ee728b)
Start importing Assets/Prefab/Managers/SFX_Manager.prefab using Guid(bae353aac74e6a24f913eeea0ecb67ff) Importer(815301076,1909f56bfc062723c751e8b465ee728b)  -> (artifact id: '41af861cd7aaadd61a928e4f091db44d') in 0.068870 seconds 
========================================================================
Received Prepare
Registering precompiled user dll's ...
Registered in 0.010573 seconds.
Begin MonoManager ReloadAssembly
Native extension for UWP target not found
Native extension for WindowsStandalone target not found
Native extension for OSXStandalone target not found
Native extension for WebGL target not found
Refreshing native plugins compatible for Editor in 2.37 ms, found 4 plugins.
Preloading 0 native plugins for Editor in 0.00 ms.
Mono: successfully reloaded assembly
- Completed reload, in  1.756 seconds
Domain Reload Profiling:
	ReloadAssembly (1756ms)
		BeginReloadAssembly (158ms)
			ExecutionOrderSort (0ms)
			DisableScriptedObjects (6ms)
			BackupInstance (0ms)
			ReleaseScriptingObjects (0ms)
			CreateAndSetChildDomain (51ms)
		EndReloadAssembly (1470ms)
			LoadAssemblies (131ms)
			RebuildTransferFunctionScriptingTraits (0ms)
			SetupTypeCache (426ms)
				TypeCache.Initialize (412ms)
					TypeCache.ScanAssembly (403ms)
				ResolveRequiredComponents (14ms)
			ReleaseScriptCaches (3ms)
			RebuildScriptCaches (86ms)
			SetupLoadedEditorAssemblies (715ms)
				LogAssemblyErrors (0ms)
				InitializePlatformSupportModulesInManaged (29ms)
				SetLoadedEditorAssemblies (10ms)
				RefreshPlugins (2ms)
				BeforeProcessingInitializeOnLoad (160ms)
				ProcessInitializeOnLoadAttributes (381ms)
				ProcessInitializeOnLoadMethodAttributes (122ms)
				AfterProcessingInitializeOnLoad (10ms)
				EditorAssembliesLoaded (0ms)
			ExecutionOrderSort2 (0ms)
			AwakeInstancesAfterBackupRestoration (13ms)
Platform modules already initialized, skipping
Refreshing native plugins compatible for Editor in 5.21 ms, found 4 plugins.
Preloading 0 native plugins for Editor in 0.00 ms.
Unloading 5781 Unused Serialized files (Serialized files now loaded: 0)
Unloading 28 unused Assets / (309.8 KB). Loaded Objects now: 6398.
Memory consumption went from 0.89 GB to 0.89 GB.
Total: 5.281700 ms (FindLiveObjects: 0.648300 ms CreateObjectMapping: 0.461100 ms MarkObjects: 4.076100 ms  DeleteObjects: 0.094800 ms)

AssetImportParameters requested are different than current active one (requested -> active):
  custom:video-decoder-ogg-theora: a1e56fd34408186e4bbccfd4996cb3dc -> 
  custom:container-muxer-webm: aa71ff27fc2769a1b78a27578f13a17b -> 
  custom:container-demuxer-webm: 4f35f7cbe854078d1ac9338744f61a02 -> 
  custom:video-encoder-webm-vp8: eb34c28f22e8b96e1ab97ce403110664 -> 
  custom:video-codec-MediaFoundation-h265: 746d11721c4dcdbdad8f713fa42b33f4 -> 
  custom:audio-encoder-webm-vorbis: bf7c407c2cedff20999df2af8eb42d56 -> 
  custom:framework-win-MediaFoundation: 216162199b28c13a410421893ffa2e32 -> 
  custom:container-demuxer-ogg: 62fdf1f143b41e24485cea50d1cbac27 -> 
  custom:video-decoder-webm-vp8: 9c59270c3fd7afecdb556c50c9e8de78 -> 
  custom:audio-decoder-ogg-vorbis: bf7c407c2cedff20999df2af8eb42d56 -> 
========================================================================
Received Import Request.
  Time since last request: 810.654336 seconds.
  path: Assets/Prefab/UI/Back Button Variant.prefab
  artifactKey: Guid(19e1d007347c5a845b58c37076a5b53c) Importer(815301076,1909f56bfc062723c751e8b465ee728b)
Start importing Assets/Prefab/UI/Back Button Variant.prefab using Guid(19e1d007347c5a845b58c37076a5b53c) Importer(815301076,1909f56bfc062723c751e8b465ee728b)  -> (artifact id: '9e7ecb7c28ba7d08dab59ef63c8ba7cd') in 0.108322 seconds 
========================================================================
Received Import Request.
  Time since last request: 1.243360 seconds.
  path: Assets/Prefab/UI/Back Button Variant.prefab
  artifactKey: Guid(19e1d007347c5a845b58c37076a5b53c) Importer(815301076,1909f56bfc062723c751e8b465ee728b)
Start importing Assets/Prefab/UI/Back Button Variant.prefab using Guid(19e1d007347c5a845b58c37076a5b53c) Importer(815301076,1909f56bfc062723c751e8b465ee728b)  -> (artifact id: 'ff1b388b6a78caf6757c6a5a881d330b') in 0.025458 seconds 
========================================================================
Received Import Request.
  Time since last request: 4.398444 seconds.
  path: Assets/Prefab/UI/Back Button Variant.prefab
  artifactKey: Guid(19e1d007347c5a845b58c37076a5b53c) Importer(815301076,1909f56bfc062723c751e8b465ee728b)
Start importing Assets/Prefab/UI/Back Button Variant.prefab using Guid(19e1d007347c5a845b58c37076a5b53c) Importer(815301076,1909f56bfc062723c751e8b465ee728b)  -> (artifact id: 'bc97ac4838b6da4d32feb0d69838ef7e') in 0.029740 seconds 
========================================================================
Received Import Request.
  Time since last request: 4.412583 seconds.
  path: Assets/Prefab/UI/Back Button Variant.prefab
  artifactKey: Guid(19e1d007347c5a845b58c37076a5b53c) Importer(815301076,1909f56bfc062723c751e8b465ee728b)
Start importing Assets/Prefab/UI/Back Button Variant.prefab using Guid(19e1d007347c5a845b58c37076a5b53c) Importer(815301076,1909f56bfc062723c751e8b465ee728b)  -> (artifact id: '1f6759c28ebe0bee9cf56380c2c76fc7') in 0.026531 seconds 
========================================================================
Received Import Request.
  Time since last request: 15.098374 seconds.
  path: Assets/Prefab/UI/Back Button Variant.prefab
  artifactKey: Guid(19e1d007347c5a845b58c37076a5b53c) Importer(815301076,1909f56bfc062723c751e8b465ee728b)
Start importing Assets/Prefab/UI/Back Button Variant.prefab using Guid(19e1d007347c5a845b58c37076a5b53c) Importer(815301076,1909f56bfc062723c751e8b465ee728b)  -> (artifact id: '08bdfa723e684476429ceb23d96d8e48') in 0.024490 seconds 
========================================================================
Received Import Request.
  Time since last request: 5.058297 seconds.
  path: Assets/Prefab/UI/Back Button Variant.prefab
  artifactKey: Guid(19e1d007347c5a845b58c37076a5b53c) Importer(815301076,1909f56bfc062723c751e8b465ee728b)
Start importing Assets/Prefab/UI/Back Button Variant.prefab using Guid(19e1d007347c5a845b58c37076a5b53c) Importer(815301076,1909f56bfc062723c751e8b465ee728b)  -> (artifact id: 'ff4d5378b24c7e8e2b8f965c2220a8aa') in 0.029180 seconds 
========================================================================
Received Import Request.
  Time since last request: 12.492487 seconds.
  path: Assets/Prefab/UI/Back Button Variant.prefab
  artifactKey: Guid(19e1d007347c5a845b58c37076a5b53c) Importer(815301076,1909f56bfc062723c751e8b465ee728b)
Start importing Assets/Prefab/UI/Back Button Variant.prefab using Guid(19e1d007347c5a845b58c37076a5b53c) Importer(815301076,1909f56bfc062723c751e8b465ee728b)  -> (artifact id: 'ef3b2fd5b968ae091eda94d5152a6d2d') in 0.026904 seconds 
========================================================================
Received Import Request.
  Time since last request: 3.396930 seconds.
  path: Assets/Prefab/UI/Back Button Variant.prefab
  artifactKey: Guid(19e1d007347c5a845b58c37076a5b53c) Importer(815301076,1909f56bfc062723c751e8b465ee728b)
Start importing Assets/Prefab/UI/Back Button Variant.prefab using Guid(19e1d007347c5a845b58c37076a5b53c) Importer(815301076,1909f56bfc062723c751e8b465ee728b)  -> (artifact id: 'e2139c7de16eb6ac8f3cd1e0e6f81a06') in 0.031745 seconds 
========================================================================
Received Prepare
Registering precompiled user dll's ...
Registered in 0.009214 seconds.
Begin MonoManager ReloadAssembly
Native extension for UWP target not found
Native extension for WindowsStandalone target not found
Native extension for OSXStandalone target not found
Native extension for WebGL target not found
Refreshing native plugins compatible for Editor in 1.86 ms, found 4 plugins.
Preloading 0 native plugins for Editor in 0.00 ms.
Mono: successfully reloaded assembly
- Completed reload, in  1.663 seconds
Domain Reload Profiling:
	ReloadAssembly (1664ms)
		BeginReloadAssembly (193ms)
			ExecutionOrderSort (0ms)
			DisableScriptedObjects (12ms)
			BackupInstance (0ms)
			ReleaseScriptingObjects (0ms)
			CreateAndSetChildDomain (66ms)
		EndReloadAssembly (1330ms)
			LoadAssemblies (123ms)
			RebuildTransferFunctionScriptingTraits (0ms)
			SetupTypeCache (421ms)
				TypeCache.Initialize (402ms)
					TypeCache.ScanAssembly (394ms)
				ResolveRequiredComponents (18ms)
			ReleaseScriptCaches (3ms)
			RebuildScriptCaches (71ms)
			SetupLoadedEditorAssemblies (613ms)
				LogAssemblyErrors (0ms)
				InitializePlatformSupportModulesInManaged (28ms)
				SetLoadedEditorAssemblies (9ms)
				RefreshPlugins (2ms)
				BeforeProcessingInitializeOnLoad (142ms)
				ProcessInitializeOnLoadAttributes (321ms)
				ProcessInitializeOnLoadMethodAttributes (100ms)
				AfterProcessingInitializeOnLoad (11ms)
				EditorAssembliesLoaded (1ms)
			ExecutionOrderSort2 (0ms)
			AwakeInstancesAfterBackupRestoration (12ms)
Platform modules already initialized, skipping
Refreshing native plugins compatible for Editor in 5.08 ms, found 4 plugins.
Preloading 0 native plugins for Editor in 0.00 ms.
Unloading 5781 Unused Serialized files (Serialized files now loaded: 0)
Unloading 29 unused Assets / (310.7 KB). Loaded Objects now: 6402.
Memory consumption went from 0.89 GB to 0.89 GB.
Total: 4.733900 ms (FindLiveObjects: 0.555100 ms CreateObjectMapping: 0.389400 ms MarkObjects: 3.629200 ms  DeleteObjects: 0.158800 ms)

AssetImportParameters requested are different than current active one (requested -> active):
  custom:video-decoder-ogg-theora: a1e56fd34408186e4bbccfd4996cb3dc -> 
  custom:container-muxer-webm: aa71ff27fc2769a1b78a27578f13a17b -> 
  custom:container-demuxer-webm: 4f35f7cbe854078d1ac9338744f61a02 -> 
  custom:video-encoder-webm-vp8: eb34c28f22e8b96e1ab97ce403110664 -> 
  custom:video-codec-MediaFoundation-h265: 746d11721c4dcdbdad8f713fa42b33f4 -> 
  custom:audio-encoder-webm-vorbis: bf7c407c2cedff20999df2af8eb42d56 -> 
  custom:framework-win-MediaFoundation: 216162199b28c13a410421893ffa2e32 -> 
  custom:container-demuxer-ogg: 62fdf1f143b41e24485cea50d1cbac27 -> 
  custom:video-decoder-webm-vp8: 9c59270c3fd7afecdb556c50c9e8de78 -> 
  custom:audio-decoder-ogg-vorbis: bf7c407c2cedff20999df2af8eb42d56 -> 
========================================================================
Received Import Request.
  Time since last request: 205.533473 seconds.
  path: Assets/Scripts/UI
  artifactKey: Guid(2e3ccefe365ff8744999ef6a01cfee74) Importer(815301076,1909f56bfc062723c751e8b465ee728b)
Start importing Assets/Scripts/UI using Guid(2e3ccefe365ff8744999ef6a01cfee74) Importer(815301076,1909f56bfc062723c751e8b465ee728b)  -> (artifact id: '5fea9b9fdba4838a086851342295baa0') in 0.020221 seconds 
========================================================================
Received Import Request.
  Time since last request: 15.309232 seconds.
  path: Assets/Scripts/UI/BuildInfo.cs
  artifactKey: Guid(f6e8e0c20f47c1748880bca1c185b264) Importer(815301076,1909f56bfc062723c751e8b465ee728b)
Start importing Assets/Scripts/UI/BuildInfo.cs using Guid(f6e8e0c20f47c1748880bca1c185b264) Importer(815301076,1909f56bfc062723c751e8b465ee728b)  -> (artifact id: '704026dac03fa4687289c1ca56cb6942') in 0.014505 seconds 
========================================================================
Received Prepare
Registering precompiled user dll's ...
Registered in 0.048142 seconds.
Begin MonoManager ReloadAssembly
Native extension for UWP target not found
Native extension for WindowsStandalone target not found
Native extension for OSXStandalone target not found
Native extension for WebGL target not found
Refreshing native plugins compatible for Editor in 1.69 ms, found 4 plugins.
Preloading 0 native plugins for Editor in 0.00 ms.
Mono: successfully reloaded assembly
- Completed reload, in  1.460 seconds
Domain Reload Profiling:
	ReloadAssembly (1461ms)
		BeginReloadAssembly (162ms)
			ExecutionOrderSort (0ms)
			DisableScriptedObjects (7ms)
			BackupInstance (0ms)
			ReleaseScriptingObjects (0ms)
			CreateAndSetChildDomain (47ms)
		EndReloadAssembly (1191ms)
			LoadAssemblies (133ms)
			RebuildTransferFunctionScriptingTraits (0ms)
			SetupTypeCache (305ms)
				TypeCache.Initialize (293ms)
					TypeCache.ScanAssembly (286ms)
				ResolveRequiredComponents (12ms)
			ReleaseScriptCaches (3ms)
			RebuildScriptCaches (61ms)
			SetupLoadedEditorAssemblies (595ms)
				LogAssemblyErrors (0ms)
				InitializePlatformSupportModulesInManaged (25ms)
				SetLoadedEditorAssemblies (9ms)
				RefreshPlugins (2ms)
				BeforeProcessingInitializeOnLoad (114ms)
				ProcessInitializeOnLoadAttributes (329ms)
				ProcessInitializeOnLoadMethodAttributes (107ms)
				AfterProcessingInitializeOnLoad (9ms)
				EditorAssembliesLoaded (0ms)
			ExecutionOrderSort2 (0ms)
			AwakeInstancesAfterBackupRestoration (10ms)
Platform modules already initialized, skipping
Refreshing native plugins compatible for Editor in 4.09 ms, found 4 plugins.
Preloading 0 native plugins for Editor in 0.00 ms.
Unloading 5782 Unused Serialized files (Serialized files now loaded: 0)
Unloading 28 unused Assets / (309.9 KB). Loaded Objects now: 6407.
Memory consumption went from 0.89 GB to 0.89 GB.
Total: 5.397100 ms (FindLiveObjects: 0.519800 ms CreateObjectMapping: 0.162200 ms MarkObjects: 4.608700 ms  DeleteObjects: 0.105000 ms)

AssetImportParameters requested are different than current active one (requested -> active):
  custom:video-decoder-ogg-theora: a1e56fd34408186e4bbccfd4996cb3dc -> 
  custom:container-muxer-webm: aa71ff27fc2769a1b78a27578f13a17b -> 
  custom:container-demuxer-webm: 4f35f7cbe854078d1ac9338744f61a02 -> 
  custom:video-encoder-webm-vp8: eb34c28f22e8b96e1ab97ce403110664 -> 
  custom:video-codec-MediaFoundation-h265: 746d11721c4dcdbdad8f713fa42b33f4 -> 
  custom:audio-encoder-webm-vorbis: bf7c407c2cedff20999df2af8eb42d56 -> 
  custom:framework-win-MediaFoundation: 216162199b28c13a410421893ffa2e32 -> 
  custom:container-demuxer-ogg: 62fdf1f143b41e24485cea50d1cbac27 -> 
  custom:video-decoder-webm-vp8: 9c59270c3fd7afecdb556c50c9e8de78 -> 
  custom:audio-decoder-ogg-vorbis: bf7c407c2cedff20999df2af8eb42d56 -> 
========================================================================
Received Import Request.
  Time since last request: 109.784915 seconds.
  path: Assets/Scripts/UI/BuildInfo.cs
  artifactKey: Guid(f6e8e0c20f47c1748880bca1c185b264) Importer(815301076,1909f56bfc062723c751e8b465ee728b)
Start importing Assets/Scripts/UI/BuildInfo.cs using Guid(f6e8e0c20f47c1748880bca1c185b264) Importer(815301076,1909f56bfc062723c751e8b465ee728b)  -> (artifact id: 'e04f34e6ef7997dffa68449e5b4ae0a3') in 0.016851 seconds 
========================================================================
Received Prepare
Registering precompiled user dll's ...
Registered in 0.010636 seconds.
Begin MonoManager ReloadAssembly
Native extension for UWP target not found
Native extension for WindowsStandalone target not found
Native extension for OSXStandalone target not found
Native extension for WebGL target not found
Refreshing native plugins compatible for Editor in 1.97 ms, found 4 plugins.
Preloading 0 native plugins for Editor in 0.00 ms.
Mono: successfully reloaded assembly
- Completed reload, in  1.608 seconds
Domain Reload Profiling:
	ReloadAssembly (1609ms)
		BeginReloadAssembly (201ms)
			ExecutionOrderSort (0ms)
			DisableScriptedObjects (8ms)
			BackupInstance (0ms)
			ReleaseScriptingObjects (0ms)
			CreateAndSetChildDomain (62ms)
		EndReloadAssembly (1255ms)
			LoadAssemblies (132ms)
			RebuildTransferFunctionScriptingTraits (0ms)
			SetupTypeCache (327ms)
				TypeCache.Initialize (312ms)
					TypeCache.ScanAssembly (304ms)
				ResolveRequiredComponents (16ms)
			ReleaseScriptCaches (3ms)
			RebuildScriptCaches (68ms)
			SetupLoadedEditorAssemblies (671ms)
				LogAssemblyErrors (0ms)
				InitializePlatformSupportModulesInManaged (29ms)
				SetLoadedEditorAssemblies (11ms)
				RefreshPlugins (2ms)
				BeforeProcessingInitializeOnLoad (113ms)
				ProcessInitializeOnLoadAttributes (403ms)
				ProcessInitializeOnLoadMethodAttributes (103ms)
				AfterProcessingInitializeOnLoad (10ms)
				EditorAssembliesLoaded (0ms)
			ExecutionOrderSort2 (0ms)
			AwakeInstancesAfterBackupRestoration (10ms)
Platform modules already initialized, skipping
Refreshing native plugins compatible for Editor in 4.45 ms, found 4 plugins.
Preloading 0 native plugins for Editor in 0.00 ms.
Unloading 5782 Unused Serialized files (Serialized files now loaded: 0)
Unloading 28 unused Assets / (310.8 KB). Loaded Objects now: 6411.
Memory consumption went from 0.89 GB to 0.89 GB.
Total: 5.350500 ms (FindLiveObjects: 0.593300 ms CreateObjectMapping: 0.357500 ms MarkObjects: 4.304800 ms  DeleteObjects: 0.093400 ms)

AssetImportParameters requested are different than current active one (requested -> active):
  custom:video-decoder-ogg-theora: a1e56fd34408186e4bbccfd4996cb3dc -> 
  custom:container-muxer-webm: aa71ff27fc2769a1b78a27578f13a17b -> 
  custom:container-demuxer-webm: 4f35f7cbe854078d1ac9338744f61a02 -> 
  custom:video-encoder-webm-vp8: eb34c28f22e8b96e1ab97ce403110664 -> 
  custom:video-codec-MediaFoundation-h265: 746d11721c4dcdbdad8f713fa42b33f4 -> 
  custom:audio-encoder-webm-vorbis: bf7c407c2cedff20999df2af8eb42d56 -> 
  custom:framework-win-MediaFoundation: 216162199b28c13a410421893ffa2e32 -> 
  custom:container-demuxer-ogg: 62fdf1f143b41e24485cea50d1cbac27 -> 
  custom:video-decoder-webm-vp8: 9c59270c3fd7afecdb556c50c9e8de78 -> 
  custom:audio-decoder-ogg-vorbis: bf7c407c2cedff20999df2af8eb42d56 -> 
========================================================================
Received Prepare
Registering precompiled user dll's ...
Registered in 0.010700 seconds.
Begin MonoManager ReloadAssembly
Native extension for UWP target not found
Native extension for WindowsStandalone target not found
Native extension for OSXStandalone target not found
Native extension for WebGL target not found
Refreshing native plugins compatible for Editor in 1.76 ms, found 4 plugins.
Preloading 0 native plugins for Editor in 0.00 ms.
Mono: successfully reloaded assembly
- Completed reload, in  1.664 seconds
Domain Reload Profiling:
	ReloadAssembly (1665ms)
		BeginReloadAssembly (160ms)
			ExecutionOrderSort (0ms)
			DisableScriptedObjects (9ms)
			BackupInstance (0ms)
			ReleaseScriptingObjects (0ms)
			CreateAndSetChildDomain (48ms)
		EndReloadAssembly (1368ms)
			LoadAssemblies (123ms)
			RebuildTransferFunctionScriptingTraits (0ms)
			SetupTypeCache (406ms)
				TypeCache.Initialize (389ms)
					TypeCache.ScanAssembly (381ms)
				ResolveRequiredComponents (17ms)
			ReleaseScriptCaches (4ms)
			RebuildScriptCaches (108ms)
			SetupLoadedEditorAssemblies (628ms)
				LogAssemblyErrors (0ms)
				InitializePlatformSupportModulesInManaged (27ms)
				SetLoadedEditorAssemblies (10ms)
				RefreshPlugins (2ms)
				BeforeProcessingInitializeOnLoad (130ms)
				ProcessInitializeOnLoadAttributes (352ms)
				ProcessInitializeOnLoadMethodAttributes (97ms)
				AfterProcessingInitializeOnLoad (9ms)
				EditorAssembliesLoaded (0ms)
			ExecutionOrderSort2 (0ms)
			AwakeInstancesAfterBackupRestoration (11ms)
Platform modules already initialized, skipping
Refreshing native plugins compatible for Editor in 5.00 ms, found 4 plugins.
Preloading 0 native plugins for Editor in 0.00 ms.
Unloading 5782 Unused Serialized files (Serialized files now loaded: 0)
Unloading 28 unused Assets / (310.0 KB). Loaded Objects now: 6415.
Memory consumption went from 0.89 GB to 0.89 GB.
Total: 5.853300 ms (FindLiveObjects: 0.819900 ms CreateObjectMapping: 0.550600 ms MarkObjects: 4.289800 ms  DeleteObjects: 0.190300 ms)

AssetImportParameters requested are different than current active one (requested -> active):
  custom:video-decoder-ogg-theora: a1e56fd34408186e4bbccfd4996cb3dc -> 
  custom:container-muxer-webm: aa71ff27fc2769a1b78a27578f13a17b -> 
  custom:container-demuxer-webm: 4f35f7cbe854078d1ac9338744f61a02 -> 
  custom:video-encoder-webm-vp8: eb34c28f22e8b96e1ab97ce403110664 -> 
  custom:video-codec-MediaFoundation-h265: 746d11721c4dcdbdad8f713fa42b33f4 -> 
  custom:audio-encoder-webm-vorbis: bf7c407c2cedff20999df2af8eb42d56 -> 
  custom:framework-win-MediaFoundation: 216162199b28c13a410421893ffa2e32 -> 
  custom:container-demuxer-ogg: 62fdf1f143b41e24485cea50d1cbac27 -> 
  custom:video-decoder-webm-vp8: 9c59270c3fd7afecdb556c50c9e8de78 -> 
  custom:audio-decoder-ogg-vorbis: bf7c407c2cedff20999df2af8eb42d56 -> 
========================================================================
Received Import Request.
  Time since last request: 105.027703 seconds.
  path: Assets/Scenes/Game Scene.unity
  artifactKey: Guid(9d4184abd30bba848b7527fa04cb9440) Importer(815301076,1909f56bfc062723c751e8b465ee728b)
Start importing Assets/Scenes/Game Scene.unity using Guid(9d4184abd30bba848b7527fa04cb9440) Importer(815301076,1909f56bfc062723c751e8b465ee728b)  -> (artifact id: 'a591daba90ea4e126b75ef3ec7a8e600') in 0.016380 seconds 
========================================================================
Received Import Request.
  Time since last request: 5.821881 seconds.
  path: Assets/Audio/Main Mixer.mixer
  artifactKey: Guid(7cbe105986d938c40b62a4bf888c626e) Importer(815301076,1909f56bfc062723c751e8b465ee728b)
Start importing Assets/Audio/Main Mixer.mixer using Guid(7cbe105986d938c40b62a4bf888c626e) Importer(815301076,1909f56bfc062723c751e8b465ee728b)  -> (artifact id: '9ed00341161fceb1d1e695a95b0294a8') in 0.015008 seconds 
========================================================================
Received Prepare
Registering precompiled user dll's ...
Registered in 0.008344 seconds.
Begin MonoManager ReloadAssembly
Native extension for UWP target not found
Native extension for WindowsStandalone target not found
Native extension for OSXStandalone target not found
Native extension for WebGL target not found
Refreshing native plugins compatible for Editor in 1.45 ms, found 4 plugins.
Preloading 0 native plugins for Editor in 0.00 ms.
Mono: successfully reloaded assembly
- Completed reload, in  1.811 seconds
Domain Reload Profiling:
	ReloadAssembly (1812ms)
		BeginReloadAssembly (201ms)
			ExecutionOrderSort (0ms)
			DisableScriptedObjects (9ms)
			BackupInstance (0ms)
			ReleaseScriptingObjects (0ms)
			CreateAndSetChildDomain (63ms)
		EndReloadAssembly (1486ms)
			LoadAssemblies (132ms)
			RebuildTransferFunctionScriptingTraits (0ms)
			SetupTypeCache (440ms)
				TypeCache.Initialize (428ms)
					TypeCache.ScanAssembly (418ms)
				ResolveRequiredComponents (13ms)
			ReleaseScriptCaches (3ms)
			RebuildScriptCaches (74ms)
			SetupLoadedEditorAssemblies (748ms)
				LogAssemblyErrors (0ms)
				InitializePlatformSupportModulesInManaged (26ms)
				SetLoadedEditorAssemblies (8ms)
				RefreshPlugins (2ms)
				BeforeProcessingInitializeOnLoad (136ms)
				ProcessInitializeOnLoadAttributes (435ms)
				ProcessInitializeOnLoadMethodAttributes (130ms)
				AfterProcessingInitializeOnLoad (11ms)
				EditorAssembliesLoaded (0ms)
			ExecutionOrderSort2 (0ms)
			AwakeInstancesAfterBackupRestoration (16ms)
Platform modules already initialized, skipping
Refreshing native plugins compatible for Editor in 4.56 ms, found 4 plugins.
Preloading 0 native plugins for Editor in 0.00 ms.
Unloading 5782 Unused Serialized files (Serialized files now loaded: 0)
Unloading 28 unused Assets / (309.9 KB). Loaded Objects now: 6419.
Memory consumption went from 0.89 GB to 0.89 GB.
Total: 4.256400 ms (FindLiveObjects: 0.481800 ms CreateObjectMapping: 0.215800 ms MarkObjects: 3.461800 ms  DeleteObjects: 0.095400 ms)

AssetImportParameters requested are different than current active one (requested -> active):
  custom:video-decoder-ogg-theora: a1e56fd34408186e4bbccfd4996cb3dc -> 
  custom:container-muxer-webm: aa71ff27fc2769a1b78a27578f13a17b -> 
  custom:container-demuxer-webm: 4f35f7cbe854078d1ac9338744f61a02 -> 
  custom:video-encoder-webm-vp8: eb34c28f22e8b96e1ab97ce403110664 -> 
  custom:video-codec-MediaFoundation-h265: 746d11721c4dcdbdad8f713fa42b33f4 -> 
  custom:audio-encoder-webm-vorbis: bf7c407c2cedff20999df2af8eb42d56 -> 
  custom:framework-win-MediaFoundation: 216162199b28c13a410421893ffa2e32 -> 
  custom:container-demuxer-ogg: 62fdf1f143b41e24485cea50d1cbac27 -> 
  custom:video-decoder-webm-vp8: 9c59270c3fd7afecdb556c50c9e8de78 -> 
  custom:audio-decoder-ogg-vorbis: bf7c407c2cedff20999df2af8eb42d56 -> 
========================================================================
Received Import Request.
  Time since last request: 1366.499478 seconds.
  path: Assets/Sprites
  artifactKey: Guid(15035be086c79434f988f73e61a079c3) Importer(815301076,1909f56bfc062723c751e8b465ee728b)
Start importing Assets/Sprites using Guid(15035be086c79434f988f73e61a079c3) Importer(815301076,1909f56bfc062723c751e8b465ee728b)  -> (artifact id: '096665d518b24d0bf80149d1e2dc972a') in 0.020334 seconds 
========================================================================
Received Import Request.
  Time since last request: 8.230374 seconds.
  path: Assets/Sprites/TileMaps
  artifactKey: Guid(72be734eafe25ff4b9f0fd403f899379) Importer(815301076,1909f56bfc062723c751e8b465ee728b)
Start importing Assets/Sprites/TileMaps using Guid(72be734eafe25ff4b9f0fd403f899379) Importer(815301076,1909f56bfc062723c751e8b465ee728b)  -> (artifact id: '10f67a7d92467600de47e87502cd4834') in 0.008776 seconds 
========================================================================
Received Import Request.
  Time since last request: 4.735205 seconds.
  path: Assets/Sprites/Raw
  artifactKey: Guid(fe654590f72dab34b908f0ed22da442e) Importer(815301076,1909f56bfc062723c751e8b465ee728b)
Start importing Assets/Sprites/Raw using Guid(fe654590f72dab34b908f0ed22da442e) Importer(815301076,1909f56bfc062723c751e8b465ee728b)  -> (artifact id: '1835388d65f058a2ec01a00e8049a607') in 0.009465 seconds 
========================================================================
Received Import Request.
  Time since last request: 434.595466 seconds.
  path: Assets/Sprites/Raw/Free Ground
  artifactKey: Guid(03456c36bfce6bf4fbf29aa76fd50f4b) Importer(815301076,1909f56bfc062723c751e8b465ee728b)
Start importing Assets/Sprites/Raw/Free Ground using Guid(03456c36bfce6bf4fbf29aa76fd50f4b) Importer(815301076,1909f56bfc062723c751e8b465ee728b)  -> (artifact id: '2f53a440c0bc42c4ff3fde237275086b') in 0.008402 seconds 
========================================================================
Received Import Request.
  Time since last request: 226.673466 seconds.
  path: Assets/Sprites/Raw/rpg tileset
  artifactKey: Guid(37417fcda76584d45b02f6ef81480f9b) Importer(815301076,1909f56bfc062723c751e8b465ee728b)
Start importing Assets/Sprites/Raw/rpg tileset using Guid(37417fcda76584d45b02f6ef81480f9b) Importer(815301076,1909f56bfc062723c751e8b465ee728b)  -> (artifact id: '40489988be3e56f2b50fd5cbf13f3508') in 0.007901 seconds 
========================================================================
Received Import Request.
  Time since last request: 0.048721 seconds.
  path: Assets/Sprites/Raw/rpg tileset/tileset anim.png
  artifactKey: Guid(2b8c28461a8bfe54fa58777ea3025488) Importer(815301076,1909f56bfc062723c751e8b465ee728b)
Start importing Assets/Sprites/Raw/rpg tileset/tileset anim.png using Guid(2b8c28461a8bfe54fa58777ea3025488) Importer(815301076,1909f56bfc062723c751e8b465ee728b)  -> (artifact id: 'af343de9086fdc1088b82b666db4b02f') in 0.147168 seconds 
========================================================================
Received Import Request.
  Time since last request: 23.421898 seconds.
  path: Assets/Sprites/Raw/rpg tileset/tileset anim.png
  artifactKey: Guid(2b8c28461a8bfe54fa58777ea3025488) Importer(815301076,1909f56bfc062723c751e8b465ee728b)
Start importing Assets/Sprites/Raw/rpg tileset/tileset anim.png using Guid(2b8c28461a8bfe54fa58777ea3025488) Importer(815301076,1909f56bfc062723c751e8b465ee728b)  -> (artifact id: 'c7d9c20e5ac45e227f84a49cff14dc5f') in 0.019170 seconds 
========================================================================
Received Import Request.
  Time since last request: 62.920806 seconds.
  path: Assets/Sprites/Raw/rpg tileset/tileset anim.png
  artifactKey: Guid(2b8c28461a8bfe54fa58777ea3025488) Importer(815301076,1909f56bfc062723c751e8b465ee728b)
Start importing Assets/Sprites/Raw/rpg tileset/tileset anim.png using Guid(2b8c28461a8bfe54fa58777ea3025488) Importer(815301076,1909f56bfc062723c751e8b465ee728b)  -> (artifact id: '67c3683147e1ea49fb8e2b990406cd50') in 0.261611 seconds 
========================================================================
Received Import Request.
  Time since last request: 49.053699 seconds.
  path: Assets/Sprites/Raw/rpg tileset/tileset regular.png
  artifactKey: Guid(664b014f97f134140bfadd37754a7297) Importer(815301076,1909f56bfc062723c751e8b465ee728b)
Start importing Assets/Sprites/Raw/rpg tileset/tileset regular.png using Guid(664b014f97f134140bfadd37754a7297) Importer(815301076,1909f56bfc062723c751e8b465ee728b)  -> (artifact id: '947e1157c67f7fbb42566a71fe9a98ef') in 0.410776 seconds 
========================================================================
Received Import Request.
  Time since last request: 8.327657 seconds.
  path: Assets/Sprites/Raw/FreeTileSet
  artifactKey: Guid(7ff8422b2820a954f8f4da8bc3c6cddd) Importer(815301076,1909f56bfc062723c751e8b465ee728b)
Start importing Assets/Sprites/Raw/FreeTileSet using Guid(7ff8422b2820a954f8f4da8bc3c6cddd) Importer(815301076,1909f56bfc062723c751e8b465ee728b)  -> (artifact id: '1cdc19092aca68dc2d6a74ceddd764a1') in 0.007371 seconds 
========================================================================
Received Import Request.
  Time since last request: 0.045462 seconds.
  path: Assets/Sprites/Raw/FreeTileSet/Assets Free.png
  artifactKey: Guid(f0b8e570d65fa4f40b13c8ce4b230e74) Importer(815301076,1909f56bfc062723c751e8b465ee728b)
Start importing Assets/Sprites/Raw/FreeTileSet/Assets Free.png using Guid(f0b8e570d65fa4f40b13c8ce4b230e74) Importer(815301076,1909f56bfc062723c751e8b465ee728b)  -> (artifact id: '69c8218999377d00aaadf29581020e7b') in 0.030979 seconds 
========================================================================
Received Import Request.
  Time since last request: 19.517445 seconds.
  path: Assets/Sprites/Raw/FreeTileSet/Assets Free.png
  artifactKey: Guid(f0b8e570d65fa4f40b13c8ce4b230e74) Importer(815301076,1909f56bfc062723c751e8b465ee728b)
Start importing Assets/Sprites/Raw/FreeTileSet/Assets Free.png using Guid(f0b8e570d65fa4f40b13c8ce4b230e74) Importer(815301076,1909f56bfc062723c751e8b465ee728b)  -> (artifact id: '1c68fbf8c2aa958703e905479eff5f0a') in 0.018044 seconds 
========================================================================
Received Import Request.
  Time since last request: 51.798426 seconds.
  path: Assets/Sprites/TileMaps/Test Palette.prefab
  artifactKey: Guid(29f51f39f3b74dc4dafae027debc4cf4) Importer(815301076,1909f56bfc062723c751e8b465ee728b)
Start importing Assets/Sprites/TileMaps/Test Palette.prefab using Guid(29f51f39f3b74dc4dafae027debc4cf4) Importer(815301076,1909f56bfc062723c751e8b465ee728b)  -> (artifact id: 'cb0189349d5b913b4a5ca7cd03b0228f') in 0.257319 seconds 
========================================================================
Received Import Request.
  Time since last request: 814.991085 seconds.
  path: Assets/TextMesh Pro
  artifactKey: Guid(f54d1bd14bd3ca042bd867b519fee8cc) Importer(815301076,1909f56bfc062723c751e8b465ee728b)
Start importing Assets/TextMesh Pro using Guid(f54d1bd14bd3ca042bd867b519fee8cc) Importer(815301076,1909f56bfc062723c751e8b465ee728b)  -> (artifact id: '6f4ca5e3d5f46fc66754ea719f7078ea') in 0.007856 seconds 
========================================================================
Received Import Request.
  Time since last request: 63.010837 seconds.
  path: Assets/Sprites/TileMaps/Test Palette.prefab
  artifactKey: Guid(29f51f39f3b74dc4dafae027debc4cf4) Importer(815301076,1909f56bfc062723c751e8b465ee728b)
Start importing Assets/Sprites/TileMaps/Test Palette.prefab using Guid(29f51f39f3b74dc4dafae027debc4cf4) Importer(815301076,1909f56bfc062723c751e8b465ee728b)  -> (artifact id: 'aa2f840f23bc028f41611aa2bc6d0f7a') in 0.059550 seconds 
========================================================================
Received Import Request.
  Time since last request: 5.523271 seconds.
  path: Assets/Sprites/TileMaps/Palettes
  artifactKey: Guid(5850342d375bb1f468973e29d6690d2d) Importer(815301076,1909f56bfc062723c751e8b465ee728b)
Start importing Assets/Sprites/TileMaps/Palettes using Guid(5850342d375bb1f468973e29d6690d2d) Importer(815301076,1909f56bfc062723c751e8b465ee728b)  -> (artifact id: 'c081c7154d61c51fd36a0711b55c500e') in 0.008140 seconds 
========================================================================
Received Import Request.
  Time since last request: 1.458421 seconds.
  path: Assets/Sprites/TileMaps/Palettes/RPG Static Tileset
  artifactKey: Guid(acc6de62f81a3504b812512691db2e64) Importer(815301076,1909f56bfc062723c751e8b465ee728b)
Start importing Assets/Sprites/TileMaps/Palettes/RPG Static Tileset using Guid(acc6de62f81a3504b812512691db2e64) Importer(815301076,1909f56bfc062723c751e8b465ee728b)  -> (artifact id: '8f5a810f59688cb455014b183e901f9b') in 0.009238 seconds 
========================================================================
Received Import Request.
  Time since last request: 0.035684 seconds.
  path: Assets/Sprites/TileMaps/Palettes/RPG Static Tileset/tileset regular_0.asset
  artifactKey: Guid(e094f697736c9cf40922a6b06067af9b) Importer(815301076,1909f56bfc062723c751e8b465ee728b)
Start importing Assets/Sprites/TileMaps/Palettes/RPG Static Tileset/tileset regular_0.asset using Guid(e094f697736c9cf40922a6b06067af9b) Importer(815301076,1909f56bfc062723c751e8b465ee728b)  -> (artifact id: '94d743e9a47470fa4ba56d564e90b188') in 0.039509 seconds 
========================================================================
Received Import Request.
  Time since last request: 0.000041 seconds.
  path: Assets/Sprites/TileMaps/Palettes/RPG Static Tileset/tileset regular_8.asset
  artifactKey: Guid(a8068258e882b1e48a547abdf102db93) Importer(815301076,1909f56bfc062723c751e8b465ee728b)
Start importing Assets/Sprites/TileMaps/Palettes/RPG Static Tileset/tileset regular_8.asset using Guid(a8068258e882b1e48a547abdf102db93) Importer(815301076,1909f56bfc062723c751e8b465ee728b)  -> (artifact id: 'fa93cce0074adcb9fb1b7e05f01df903') in 0.023687 seconds 
========================================================================
Received Import Request.
  Time since last request: 0.000041 seconds.
  path: Assets/Sprites/TileMaps/Palettes/RPG Static Tileset/tileset regular_5.asset
  artifactKey: Guid(38d59ea63af68d94d80b4a30f78dae0c) Importer(815301076,1909f56bfc062723c751e8b465ee728b)
Start importing Assets/Sprites/TileMaps/Palettes/RPG Static Tileset/tileset regular_5.asset using Guid(38d59ea63af68d94d80b4a30f78dae0c) Importer(815301076,1909f56bfc062723c751e8b465ee728b)  -> (artifact id: 'de9252b39fdb672628c8453d7b2419ba') in 0.023977 seconds 
========================================================================
Received Import Request.
  Time since last request: 0.000035 seconds.
  path: Assets/Sprites/TileMaps/Palettes/RPG Static Tileset/tileset regular_41.asset
  artifactKey: Guid(d31c659e98c33354bb9ca8dfff1321fd) Importer(815301076,1909f56bfc062723c751e8b465ee728b)
Start importing Assets/Sprites/TileMaps/Palettes/RPG Static Tileset/tileset regular_41.asset using Guid(d31c659e98c33354bb9ca8dfff1321fd) Importer(815301076,1909f56bfc062723c751e8b465ee728b)  -> (artifact id: '5e12d650abfd0eefa895c1b41e2deb39') in 0.021640 seconds 
========================================================================
Received Import Request.
  Time since last request: 0.000040 seconds.
  path: Assets/Sprites/TileMaps/Palettes/RPG Static Tileset/tileset regular_15.asset
  artifactKey: Guid(fb5034cd637fe384bbd9410daf98a4fc) Importer(815301076,1909f56bfc062723c751e8b465ee728b)
Start importing Assets/Sprites/TileMaps/Palettes/RPG Static Tileset/tileset regular_15.asset using Guid(fb5034cd637fe384bbd9410daf98a4fc) Importer(815301076,1909f56bfc062723c751e8b465ee728b)  -> (artifact id: '56120eae8c32a0671234723b16ab5781') in 0.020760 seconds 
========================================================================
Received Import Request.
  Time since last request: 0.000032 seconds.
  path: Assets/Sprites/TileMaps/Palettes/RPG Static Tileset/tileset regular_34.asset
  artifactKey: Guid(8b8a682744a58b24696308d6de6d894e) Importer(815301076,1909f56bfc062723c751e8b465ee728b)
Start importing Assets/Sprites/TileMaps/Palettes/RPG Static Tileset/tileset regular_34.asset using Guid(8b8a682744a58b24696308d6de6d894e) Importer(815301076,1909f56bfc062723c751e8b465ee728b)  -> (artifact id: '7a6ac7223316c29ccdfff01fed9598ad') in 0.017396 seconds 
========================================================================
Received Import Request.
  Time since last request: 0.000029 seconds.
  path: Assets/Sprites/TileMaps/Palettes/RPG Static Tileset/tileset regular_18.asset
  artifactKey: Guid(4b3d79e439b045f4197705d35e0527c3) Importer(815301076,1909f56bfc062723c751e8b465ee728b)
Start importing Assets/Sprites/TileMaps/Palettes/RPG Static Tileset/tileset regular_18.asset using Guid(4b3d79e439b045f4197705d35e0527c3) Importer(815301076,1909f56bfc062723c751e8b465ee728b)  -> (artifact id: 'dfe92db1e279b830d8eee6c92b6f8e13') in 0.018227 seconds 
========================================================================
Received Import Request.
  Time since last request: 0.000031 seconds.
  path: Assets/Sprites/TileMaps/Palettes/RPG Static Tileset/tileset regular_44.asset
  artifactKey: Guid(10521f6f85a9e5c49b9946a89386cdc6) Importer(815301076,1909f56bfc062723c751e8b465ee728b)
Start importing Assets/Sprites/TileMaps/Palettes/RPG Static Tileset/tileset regular_44.asset using Guid(10521f6f85a9e5c49b9946a89386cdc6) Importer(815301076,1909f56bfc062723c751e8b465ee728b)  -> (artifact id: 'c758e8f6201d5536dfde20316efc6cb8') in 0.018988 seconds 
========================================================================
Received Import Request.
  Time since last request: 0.000045 seconds.
  path: Assets/Sprites/TileMaps/Palettes/RPG Static Tileset/tileset regular_4.asset
  artifactKey: Guid(8b8797b857ae510478287b6ee6116dd1) Importer(815301076,1909f56bfc062723c751e8b465ee728b)
Start importing Assets/Sprites/TileMaps/Palettes/RPG Static Tileset/tileset regular_4.asset using Guid(8b8797b857ae510478287b6ee6116dd1) Importer(815301076,1909f56bfc062723c751e8b465ee728b)  -> (artifact id: '9434b0f4aadc6b108d2ea462370542cc') in 0.019011 seconds 
========================================================================
Received Import Request.
  Time since last request: 0.000065 seconds.
  path: Assets/Sprites/TileMaps/Palettes/RPG Static Tileset/tileset regular_28.asset
  artifactKey: Guid(71d4be25afa62ac47b191fd99729f2e0) Importer(815301076,1909f56bfc062723c751e8b465ee728b)
Start importing Assets/Sprites/TileMaps/Palettes/RPG Static Tileset/tileset regular_28.asset using Guid(71d4be25afa62ac47b191fd99729f2e0) Importer(815301076,1909f56bfc062723c751e8b465ee728b)  -> (artifact id: '5a633c00c62ad7050db90c3f4a5b92c0') in 0.019119 seconds 
========================================================================
Received Import Request.
  Time since last request: 0.000028 seconds.
  path: Assets/Sprites/TileMaps/Palettes/RPG Static Tileset/tileset regular_36.asset
  artifactKey: Guid(49cf14662edc7354fb9278830e878f57) Importer(815301076,1909f56bfc062723c751e8b465ee728b)
Start importing Assets/Sprites/TileMaps/Palettes/RPG Static Tileset/tileset regular_36.asset using Guid(49cf14662edc7354fb9278830e878f57) Importer(815301076,1909f56bfc062723c751e8b465ee728b)  -> (artifact id: 'e53e757533d522d12cd9f2535d272e79') in 0.019111 seconds 
========================================================================
Received Import Request.
  Time since last request: 0.000028 seconds.
  path: Assets/Sprites/TileMaps/Palettes/RPG Static Tileset/tileset regular_48.asset
  artifactKey: Guid(53b3e8ead139c954e8c4aba1e48cd463) Importer(815301076,1909f56bfc062723c751e8b465ee728b)
Start importing Assets/Sprites/TileMaps/Palettes/RPG Static Tileset/tileset regular_48.asset using Guid(53b3e8ead139c954e8c4aba1e48cd463) Importer(815301076,1909f56bfc062723c751e8b465ee728b)  -> (artifact id: 'e05d95061ec71bc0b9b38e528e2b1c39') in 0.020008 seconds 
========================================================================
Received Import Request.
  Time since last request: 0.000037 seconds.
  path: Assets/Sprites/TileMaps/Palettes/RPG Static Tileset/tileset regular_31.asset
  artifactKey: Guid(3f87aa66d74b5724992ff10eae8006e5) Importer(815301076,1909f56bfc062723c751e8b465ee728b)
Start importing Assets/Sprites/TileMaps/Palettes/RPG Static Tileset/tileset regular_31.asset using Guid(3f87aa66d74b5724992ff10eae8006e5) Importer(815301076,1909f56bfc062723c751e8b465ee728b)  -> (artifact id: '83a4ca8e03807cd9f9117165065da347') in 0.020038 seconds 
========================================================================
Received Import Request.
  Time since last request: 0.000032 seconds.
  path: Assets/Sprites/TileMaps/Palettes/RPG Static Tileset/tileset regular_52.asset
  artifactKey: Guid(60a34a77ccfaaa942be5cff0cfc93610) Importer(815301076,1909f56bfc062723c751e8b465ee728b)
Start importing Assets/Sprites/TileMaps/Palettes/RPG Static Tileset/tileset regular_52.asset using Guid(60a34a77ccfaaa942be5cff0cfc93610) Importer(815301076,1909f56bfc062723c751e8b465ee728b)  -> (artifact id: '7d89d4e85ad48340f01416233d14adaa') in 0.020688 seconds 
========================================================================
Received Import Request.
  Time since last request: 0.000042 seconds.
  path: Assets/Sprites/TileMaps/Palettes/RPG Static Tileset/tileset regular_55.asset
  artifactKey: Guid(bf0f5f7c6a3a3df44b40cb7874bf3240) Importer(815301076,1909f56bfc062723c751e8b465ee728b)
Start importing Assets/Sprites/TileMaps/Palettes/RPG Static Tileset/tileset regular_55.asset using Guid(bf0f5f7c6a3a3df44b40cb7874bf3240) Importer(815301076,1909f56bfc062723c751e8b465ee728b)  -> (artifact id: '3b91b7077b442be8fa822016e29d1d3a') in 0.020324 seconds 
========================================================================
Received Import Request.
  Time since last request: 0.000036 seconds.
  path: Assets/Sprites/TileMaps/Palettes/RPG Static Tileset/tileset regular_63.asset
  artifactKey: Guid(61f1fb1dbe4e93148bd0ef04fce59a89) Importer(815301076,1909f56bfc062723c751e8b465ee728b)
Start importing Assets/Sprites/TileMaps/Palettes/RPG Static Tileset/tileset regular_63.asset using Guid(61f1fb1dbe4e93148bd0ef04fce59a89) Importer(815301076,1909f56bfc062723c751e8b465ee728b)  -> (artifact id: 'b8d223b0be581365a1eb53ff2392c0c2') in 0.023404 seconds 
========================================================================
Received Import Request.
  Time since last request: 0.000037 seconds.
  path: Assets/Sprites/TileMaps/Palettes/RPG Static Tileset/tileset regular_38.asset
  artifactKey: Guid(bb2121919cc45b74aa74f2970e3557ef) Importer(815301076,1909f56bfc062723c751e8b465ee728b)
Start importing Assets/Sprites/TileMaps/Palettes/RPG Static Tileset/tileset regular_38.asset using Guid(bb2121919cc45b74aa74f2970e3557ef) Importer(815301076,1909f56bfc062723c751e8b465ee728b)  -> (artifact id: 'd615c87ba91bab3eeef678a7926979a6') in 0.024295 seconds 
========================================================================
Received Import Request.
  Time since last request: 0.000041 seconds.
  path: Assets/Sprites/TileMaps/Palettes/RPG Static Tileset/tileset regular_47.asset
  artifactKey: Guid(83c296d4844c6284c8c394b17edd28c3) Importer(815301076,1909f56bfc062723c751e8b465ee728b)
Start importing Assets/Sprites/TileMaps/Palettes/RPG Static Tileset/tileset regular_47.asset using Guid(83c296d4844c6284c8c394b17edd28c3) Importer(815301076,1909f56bfc062723c751e8b465ee728b)  -> (artifact id: '34d708c048206ece6cbf4ccff11e416a') in 0.042884 seconds 
========================================================================
Received Import Request.
  Time since last request: 0.000046 seconds.
  path: Assets/Sprites/TileMaps/Palettes/RPG Static Tileset/tileset regular_46.asset
  artifactKey: Guid(2839545cb7464d74f8ab85ccf0d1de86) Importer(815301076,1909f56bfc062723c751e8b465ee728b)
Start importing Assets/Sprites/TileMaps/Palettes/RPG Static Tileset/tileset regular_46.asset using Guid(2839545cb7464d74f8ab85ccf0d1de86) Importer(815301076,1909f56bfc062723c751e8b465ee728b)  -> (artifact id: 'c7533b6a77426cb3e41b08672c611db6') in 0.029891 seconds 
========================================================================
Received Import Request.
  Time since last request: 0.000059 seconds.
  path: Assets/Sprites/TileMaps/Palettes/RPG Static Tileset/tileset regular_11.asset
  artifactKey: Guid(393ba4b044740f1428119e6f356d7434) Importer(815301076,1909f56bfc062723c751e8b465ee728b)
Start importing Assets/Sprites/TileMaps/Palettes/RPG Static Tileset/tileset regular_11.asset using Guid(393ba4b044740f1428119e6f356d7434) Importer(815301076,1909f56bfc062723c751e8b465ee728b)  -> (artifact id: '0b73a4e60f5207e0c04b0afb5445e5c4') in 0.025657 seconds 
========================================================================
Received Import Request.
  Time since last request: 0.000058 seconds.
  path: Assets/Sprites/TileMaps/Palettes/RPG Static Tileset/tileset regular_50.asset
  artifactKey: Guid(e65c2115d3ad4774d9aaf5e7d243b006) Importer(815301076,1909f56bfc062723c751e8b465ee728b)
Start importing Assets/Sprites/TileMaps/Palettes/RPG Static Tileset/tileset regular_50.asset using Guid(e65c2115d3ad4774d9aaf5e7d243b006) Importer(815301076,1909f56bfc062723c751e8b465ee728b)  -> (artifact id: '77b9642a7c2b3c9f67e6ec093d4f3365') in 0.029919 seconds 
========================================================================
Received Import Request.
  Time since last request: 0.000052 seconds.
  path: Assets/Sprites/TileMaps/Palettes/RPG Static Tileset/tileset regular_61.asset
  artifactKey: Guid(bb932c9015926bc49b97da3bf0b6243e) Importer(815301076,1909f56bfc062723c751e8b465ee728b)
Start importing Assets/Sprites/TileMaps/Palettes/RPG Static Tileset/tileset regular_61.asset using Guid(bb932c9015926bc49b97da3bf0b6243e) Importer(815301076,1909f56bfc062723c751e8b465ee728b)  -> (artifact id: 'b4c80f4e4475b4b0de8765af45063f06') in 0.021654 seconds 
========================================================================
Received Import Request.
  Time since last request: 0.000040 seconds.
  path: Assets/Sprites/TileMaps/Palettes/RPG Static Tileset/tileset regular_60.asset
  artifactKey: Guid(88f881407a6569b4d984875e9aa3b014) Importer(815301076,1909f56bfc062723c751e8b465ee728b)
Start importing Assets/Sprites/TileMaps/Palettes/RPG Static Tileset/tileset regular_60.asset using Guid(88f881407a6569b4d984875e9aa3b014) Importer(815301076,1909f56bfc062723c751e8b465ee728b)  -> (artifact id: '0f7553a4de0428957bce56b3067f8909') in 0.022103 seconds 
========================================================================
Received Import Request.
  Time since last request: 0.000036 seconds.
  path: Assets/Sprites/TileMaps/Palettes/RPG Static Tileset/tileset regular_23.asset
  artifactKey: Guid(5c2e37c29bbd08340a85572e0cb0af5f) Importer(815301076,1909f56bfc062723c751e8b465ee728b)
Start importing Assets/Sprites/TileMaps/Palettes/RPG Static Tileset/tileset regular_23.asset using Guid(5c2e37c29bbd08340a85572e0cb0af5f) Importer(815301076,1909f56bfc062723c751e8b465ee728b)  -> (artifact id: '0827e06cbcaf331830f73401d79770cc') in 0.022171 seconds 
========================================================================
Received Import Request.
  Time since last request: 0.000056 seconds.
  path: Assets/Sprites/TileMaps/Palettes/RPG Static Tileset/tileset regular_54.asset
  artifactKey: Guid(2660fd7f230c0a84ba243c71d060ef6f) Importer(815301076,1909f56bfc062723c751e8b465ee728b)
Start importing Assets/Sprites/TileMaps/Palettes/RPG Static Tileset/tileset regular_54.asset using Guid(2660fd7f230c0a84ba243c71d060ef6f) Importer(815301076,1909f56bfc062723c751e8b465ee728b)  -> (artifact id: '8aa256f9bcbeeeaf554e060d3b488169') in 0.020895 seconds 
========================================================================
Received Import Request.
  Time since last request: 0.000046 seconds.
  path: Assets/Sprites/TileMaps/Palettes/RPG Static Tileset/tileset regular_37.asset
  artifactKey: Guid(a219878038c6a3a4fb1c64ec2433d019) Importer(815301076,1909f56bfc062723c751e8b465ee728b)
Start importing Assets/Sprites/TileMaps/Palettes/RPG Static Tileset/tileset regular_37.asset using Guid(a219878038c6a3a4fb1c64ec2433d019) Importer(815301076,1909f56bfc062723c751e8b465ee728b)  -> (artifact id: '140d7888b0e07dff8a46c391be69e259') in 0.020351 seconds 
========================================================================
Received Import Request.
  Time since last request: 0.000040 seconds.
  path: Assets/Sprites/TileMaps/Palettes/RPG Static Tileset/tileset regular_7.asset
  artifactKey: Guid(52cb1853e38c056439f534f6ce96575b) Importer(815301076,1909f56bfc062723c751e8b465ee728b)
Start importing Assets/Sprites/TileMaps/Palettes/RPG Static Tileset/tileset regular_7.asset using Guid(52cb1853e38c056439f534f6ce96575b) Importer(815301076,1909f56bfc062723c751e8b465ee728b)  -> (artifact id: '72f1df59b3ad1f64ea1e7f47fb8b3574') in 0.019202 seconds 
========================================================================
Received Import Request.
  Time since last request: 0.000038 seconds.
  path: Assets/Sprites/TileMaps/Palettes/RPG Static Tileset/tileset regular_22.asset
  artifactKey: Guid(f120f844f39e90742bb15988b3b7016e) Importer(815301076,1909f56bfc062723c751e8b465ee728b)
Start importing Assets/Sprites/TileMaps/Palettes/RPG Static Tileset/tileset regular_22.asset using Guid(f120f844f39e90742bb15988b3b7016e) Importer(815301076,1909f56bfc062723c751e8b465ee728b)  -> (artifact id: 'cac823fcee734e2ef5ae9272a76ec08f') in 0.018771 seconds 
========================================================================
Received Import Request.
  Time since last request: 0.000035 seconds.
  path: Assets/Sprites/TileMaps/Palettes/RPG Static Tileset/tileset regular_13.asset
  artifactKey: Guid(4b3aa78e826e287488e5190e37a2590e) Importer(815301076,1909f56bfc062723c751e8b465ee728b)
Start importing Assets/Sprites/TileMaps/Palettes/RPG Static Tileset/tileset regular_13.asset using Guid(4b3aa78e826e287488e5190e37a2590e) Importer(815301076,1909f56bfc062723c751e8b465ee728b)  -> (artifact id: '176782cc3c2cfcb1f2f885d6328b7b82') in 0.024356 seconds 
========================================================================
Received Import Request.
  Time since last request: 0.000042 seconds.
  path: Assets/Sprites/TileMaps/Palettes/RPG Static Tileset/tileset regular_32.asset
  artifactKey: Guid(1fd94a0c9105a6d408c33a96d742d7d2) Importer(815301076,1909f56bfc062723c751e8b465ee728b)
Start importing Assets/Sprites/TileMaps/Palettes/RPG Static Tileset/tileset regular_32.asset using Guid(1fd94a0c9105a6d408c33a96d742d7d2) Importer(815301076,1909f56bfc062723c751e8b465ee728b)  -> (artifact id: 'e7514c5ee31c7d9355594879e2c194dd') in 0.022102 seconds 
========================================================================
Received Import Request.
  Time since last request: 0.000034 seconds.
  path: Assets/Sprites/TileMaps/Palettes/RPG Static Tileset/tileset regular_12.asset
  artifactKey: Guid(8b809a69c0e67d5448eb78f75fd221ad) Importer(815301076,1909f56bfc062723c751e8b465ee728b)
Start importing Assets/Sprites/TileMaps/Palettes/RPG Static Tileset/tileset regular_12.asset using Guid(8b809a69c0e67d5448eb78f75fd221ad) Importer(815301076,1909f56bfc062723c751e8b465ee728b)  -> (artifact id: '8bcb8957c60e3662de280030c63d4f8a') in 0.029994 seconds 
========================================================================
Received Import Request.
  Time since last request: 0.000050 seconds.
  path: Assets/Sprites/TileMaps/Palettes/RPG Static Tileset/tileset regular_40.asset
  artifactKey: Guid(0adef96d8e8917d4b812750bc855668e) Importer(815301076,1909f56bfc062723c751e8b465ee728b)
Start importing Assets/Sprites/TileMaps/Palettes/RPG Static Tileset/tileset regular_40.asset using Guid(0adef96d8e8917d4b812750bc855668e) Importer(815301076,1909f56bfc062723c751e8b465ee728b)  -> (artifact id: 'f0e58e74cf6db2eadc068cf931d1c7bb') in 0.025153 seconds 
Editor requested this worker to shutdown with reason: Scaling down because of idle timeout
AssetImportWorker is now disconnected from the server
Process exiting
Exiting without the bug reporter. Application will terminate with return code 0